1586.45 0 1 0;
1604.09 0 2 0;
1610.7 0 3 0;
1618.42 0 4 0;
1625.03 0 5 0;
1631.7 0 6 0;
1639.44 0 7 0;
1648.19 0 8 0;
1656.98 0 9 0;
1662.48 0 10 0;
1674.57 0 11 0;
1684.49 0 12 0;
1694.48 0 13 0;
1705.59 0 14 0;
1713.25 0 15 0;
1722.08 0 16 0;
1728.68 0 17 0;
1736.33 0 18 0;
1744.16 0 19 0;
1751.92 0 20 0;
1762.88 0 21 0;
1773.96 0 22 0;
1787.26 0 23 0;
1797.23 0 24 0;
1807.23 0 25 0;
1819.39 0 26 0;
1829.31 0 27 0;
1838.1 0 28 0;
1847.92 0 29 0;
1861.07 0 30 0;
1873.23 0 31 0;
1884.27 0 32 0;
1894.19 0 33 0;
1907.47 0 34 0;
1916.39 0 35 0;
1925.33 0 36 0;
1935.34 0 37 0;
1944.3 0 38 0;
1956.55 0 39 0;
1967.72 0 40 0;
1977.75 0 41 0;
1985.56 0 42 0;
1994.4 0 43 0;
2003.38 0 44 0;
2011.05 0 45 0;
2018.94 0 46 0;
2026.69 0 47 0;
2036.77 0 48 0;
2045.62 0 49 0;
2055.67 0 50 0;
2068.82 0 51 0;
2078.91 0 52 0;
2087.8 0 53 0;
2097.94 0 54 0;
2107.01 0 55 0;
2113.66 0 56 0;
2121.48 0 57 0;
2131.49 0 58 0;
2138.07 0 59 0;
2149.08 0 60 0;
2155.67 0 61 0;
2161.12 0 62 0;
2172 0 63 0;
2182.05 0 64 0;
2187.64 0 65 0;
2196.48 0 66 0;
2203.2 0 67 0;
2215.25 0 68 0;
2224.12 0 69 0;
2233.04 0 70 0;
2238.53 0 71 0;
2247.49 0 72 0;
2256.3 0 73 0;
2261.86 0 74 0;
2270.76 0 75 0;
2279.63 0 76 0;
2285.17 0 78 0;
2295.12 0 79 0;
2302.86 0 80 0;
2312.65 0 81 0;
2318.2 0 82 0;
2325.95 0 83 0;
2335.84 0 84 0;
2343.57 0 85 0;
2353.42 0 86 0;
2362.21 0 87 0;
2372.11 0 88 0;
2383.17 0 89 0;
2394.1 0 90 0;
2404.03 0 91 0;
2416.12 0 92 0;
2423.81 0 93 0;
2434.83 0 94 0;
2441.42 0 95 0;
2450.26 0 96 0;
2459.15 0 97 0;
2469.12 0 98 0;
2477.95 0 99 0;
2491.18 0 100 0;
2506.62 0 101 0;
2526.31 0 102 0;
2549.27 0 103 0;
2564.7 0 104 0;
2582.26 0 105 0;
2598.81 0 106 0;
2614.29 0 107 0;
2631.88 0 108 0;
2645.08 0 109 0;
2660.44 0 110 0;
2672.49 0 111 0;
2685.63 0 112 0;
2697.65 0 113 0;
2704.19 0 114 0;
2712.95 0 115 0;
2721.8 0 116 0;
2730.57 0 117 0;
2739.41 0 118 0;
2749.34 0 119 0;
2758.17 0 120 0;
2770.22 0 121 0;
2777.9 0 122 0;
2786.69 0 123 0;
2797.64 0 124 0;
2807.48 0 125 0;
2817.29 0 126 0;
2852.35 0 127 0;
3958.12 0 126 0;
3981.36 0 125 0;
3994.61 0 124 0;
4014.68 0 123 0;
4037.94 0 122 0;
4060.21 0 121 0;
4080.16 0 120 0;
4103.58 0 119 0;
4118.01 0 118 0;
4136.93 0 117 0;
4160.12 0 116 0;
4173.22 0 115 0;
4190.83 0 114 0;
4209.75 0 113 0;
4226.38 0 112 0;
4251.92 0 111 0;
4271.63 0 110 0;
4276.05 1 1 0;
4298.22 0 109 0;
4316.88 0 108 0;
4335.47 0 107 0;
4348.81 0 106 0;
4354.3 1 2 0;
4362 0 105 0;
4376.31 0 104 0;
4376.33 1 3 0;
4385.15 0 102 0;
4395.14 1 4 0;
4399.62 0 101 0;
4410.62 0 100 0;
4413.91 1 5 0;
4426.02 0 99 0;
4432.65 1 6 0;
4437.08 0 98 0;
4450.39 1 7 0;
4452.68 0 97 0;
4469.18 1 8 0;
4469.21 0 96 0;
4483.57 0 95 0;
4486.88 1 9 0;
4494.75 0 94 0;
4506.82 1 10 0;
4506.86 0 93 0;
4521.14 0 92 0;
4525.53 1 11 0;
4534.35 0 91 0;
4543.25 1 12 0;
4552.09 0 90 0;
4558.73 1 13 0;
4563.14 0 89 0;
4575.21 0 88 0;
4581.9 1 14 0;
4589.72 0 87 0;
4604.06 0 86 0;
4605.17 1 15 0;
4618.27 0 85 0;
4625.98 1 16 0;
4634.89 0 84 0;
4647.1 0 83 0;
4649.35 1 17 0;
4664.97 0 82 0;
4666.09 1 18 0;
4676.16 0 81 0;
4691.7 0 80 0;
4692.82 1 19 0;
4708.33 0 79 0;
4720.54 1 20 0;
4730.42 0 78 0;
4744.86 0 77 0;
4752.55 1 21 0;
4768.01 1 22 0;
4768.03 0 76 0;
4786.92 1 23 0;
4786.94 0 75 0;
4801.35 1 24 0;
4805.78 0 74 0;
4805.8 2 1 0;
4816.92 2 0 0;
4816.94 2 1 0;
4823.67 0 73 0;
4824.76 1 25 0;
4843.42 1 26 0;
4844.59 0 72 0;
4861.03 0 71 0;
4862.18 1 27 0;
4874.32 0 70 0;
4879.86 2 0 0;
4879.87 2 1 0;
4881.01 1 28 0;
4885.44 0 69 0;
4897.58 0 68 0;
4902.02 1 29 0;
4904.23 0 67 0;
4916.38 0 66 0;
4916.39 1 30 0;
4926.3 0 65 0;
4930.66 1 31 0;
4934 0 64 0;
4945.1 1 32 0;
4946.22 0 63 0;
4959.49 0 62 0;
4960.64 1 33 0;
4963.9 2 0 0;
4965 2 1 0;
4972.68 0 61 0;
4978.27 1 34 0;
4987.16 0 60 0;
5004.68 0 59 0;
5009.08 2 0 0;
5010.19 2 1 0;
5015.79 1 35 0;
5026.83 0 58 0;
5056.8 0 57 0;
5064.58 1 36 0;
5088.86 1 37 0;
5098.86 0 56 0;
5106.58 1 38 0;
5126.41 0 55 0;
5130.87 1 39 0;
5146.48 0 54 0;
5149.84 1 40 0;
5160.87 0 53 0;
5167.47 1 41 0;
5174.1 0 52 0;
5180.76 2 0 0;
5180.77 2 2 0;
5181.88 1 42 0;
5186.32 0 51 0;
5196.34 1 43 0;
5196.37 0 50 0;
5202.98 2 1 0;
5202.99 2 2 0;
5209.59 0 49 0;
5215.02 1 44 0;
5219.39 2 1 0;
5219.41 2 2 0;
5222.75 0 48 0;
5224.95 2 1 0;
5227.17 2 2 0;
5228.32 1 45 0;
5232.77 0 47 0;
5239.47 1 46 0;
5248.34 0 46 0;
5256.12 1 47 0;
5258.35 2 1 0;
5260.52 2 2 0;
5266.12 0 45 0;
5267.22 1 48 0;
5281.72 0 44 0;
5286.15 1 49 0;
5298.24 0 43 0;
5300.42 1 50 0;
5302.66 2 1 0;
5302.67 2 2 0;
5309.28 0 42 0;
5318.17 2 1 0;
5318.18 2 2 0;
5320.51 0 41 0;
5323.83 1 51 0;
5323.85 2 1 0;
5323.87 2 2 0;
5329.38 0 40 0;
5331.65 2 1 0;
5331.67 2 2 0;
5338.29 2 1 0;
5338.3 2 2 0;
5341.63 1 52 0;
5342.73 0 39 0;
5343.87 2 1 0;
5343.88 2 2 0;
5351.56 2 0 0;
5352.7 2 2 0;
5360.48 1 53 0;
5360.5 0 38 0;
5367.17 2 1 0;
5367.18 2 2 0;
5372.79 0 37 0;
5375.06 1 54 0;
5383.88 2 1 0;
5384.97 2 2 0;
5390.58 1 55 0;
5391.73 0 36 0;
5403.94 1 56 0;
5412.77 0 35 0;
5418.26 1 57 0;
5430.33 1 58 0;
5431.44 0 34 0;
5435.88 2 1 0;
5435.9 2 2 0;
5442.48 2 1 0;
5444.77 2 2 0;
5444.78 1 59 0;
5453.58 0 33 0;
5456.92 1 60 0;
5468.01 1 61 0;
5474.65 0 32 0;
5475.81 2 1 0;
5478.03 2 2 0;
5479.12 1 62 0;
5487.84 1 63 0;
5495.59 0 31 0;
5497.77 1 64 0;
5501.21 2 1 0;
5501.22 2 3 0;
5507.96 1 65 0;
5515.66 0 30 0;
5517.94 1 66 0;
5525.71 2 1 0;
5525.72 2 3 0;
5526.82 1 67 0;
5536.85 0 29 0;
5540.12 1 68 0;
5549.06 1 69 0;
5549.08 2 0 0;
5549.09 2 3 0;
5555.73 0 28 0;
5557.93 1 70 0;
5569.08 1 71 0;
5570.2 0 27 0;
5573.54 2 1 0;
5573.55 2 3 0;
5577.91 1 72 0;
5582.3 0 26 0;
5586.73 1 73 0;
5586.75 2 1 0;
5587.88 2 3 0;
5595.54 2 1 0;
5596.62 2 3 0;
5596.64 0 25 0;
5597.77 1 74 0;
5601.05 2 1 0;
5601.05 2 3 0;
5608.77 1 75 0;
5613.16 0 24 0;
5618.66 1 76 0;
5625.33 0 23 0;
5628.62 1 77 0;
5634.2 2 0 0;
5634.21 2 3 0;
5638.55 1 78 0;
5641.86 0 22 0;
5650.67 1 79 0;
5657.26 0 21 0;
5657.28 2 1 0;
5659.47 2 3 0;
5660.56 1 80 0;
5670.4 0 20 0;
5670.42 1 81 0;
5672.68 2 1 0;
5673.79 2 3 0;
5680.39 2 1 0;
5680.41 2 3 0;
5683.72 0 19 0;
5687.1 1 82 0;
5698.17 0 18 0;
5706.91 1 83 0;
5710.25 0 17 0;
5714.63 2 1 0;
5714.65 2 3 0;
5721.24 1 84 0;
5724.55 0 16 0;
5733.45 1 85 0;
5739 0 15 0;
5748.99 1 86 0;
5757.75 0 14 0;
5765.58 1 87 0;
5765.6 2 2 0;
5766.7 2 4 0;
5773.37 0 13 0;
5777.72 1 88 0;
5795.25 1 89 0;
5797.48 0 12 0;
5799.66 2 2 0;
5799.67 2 4 0;
5808.49 2 2 0;
5808.51 2 4 0;
5812.91 0 11 0;
5816.17 1 90 0;
5830.47 1 91 0;
5831.58 0 10 0;
5841.52 2 2 0;
5843.77 2 4 0;
5845.96 0 9 0;
5848.19 1 92 0;
5858 2 2 0;
5858.02 2 4 0;
5865.71 1 93 0;
5865.73 2 2 0;
5865.73 0 8 0;
5865.73 2 4 0;
5884.24 1 94 0;
5888.71 0 7 0;
5898.65 1 95 0;
5909.73 2 2 0;
5909.75 2 4 0;
5913.1 1 96 0;
5914.22 0 6 0;
5916.49 2 2 0;
5916.52 2 4 0;
5926.47 1 97 0;
5936.3 0 5 0;
5940.7 1 98 0;
5940.71 2 2 0;
5940.72 2 4 0;
5949.42 2 2 0;
5949.44 2 4 0;
5952.82 0 4 0;
5953.92 1 99 0;
5953.93 2 0 0;
5953.94 2 4 0;
5967.28 1 100 0;
5969.48 0 3 0;
5977.19 1 101 0;
5987.22 0 2 0;
5988.33 1 102 0;
5997.11 2 2 0;
5998.22 2 4 0;
6001.48 0 1 0;
6004.77 1 103 0;
6018.92 1 104 0;
6023.29 2 2 0;
6023.3 2 4 0;
6030.96 1 105 0;
6040.81 2 2 0;
6040.82 1 106 0;
6040.83 2 4 0;
6054.13 0 0 0;
6058.58 1 107 0;
6065.15 2 2 0;
6067.38 2 4 0;
6072.82 2 2 0;
6073.93 2 5 0;
6073.94 1 108 0;
6080.48 2 2 0;
6081.57 2 4 0;
6088.22 2 2 0;
6088.23 2 4 0;
6091.57 1 109 0;
6094.99 2 2 0;
6096.09 2 4 0;
6102.73 2 2 0;
6102.74 2 4 0;
6107.08 1 110 0;
6127.83 1 111 0;
6144.3 1 112 0;
6158.67 1 113 0;
6159.79 2 2 0;
6159.8 2 4 0;
6177.56 1 114 0;
6187.47 2 0 0;
6187.48 2 5 0;
6191.9 1 115 0;
6192.99 2 2 0;
6193 2 5 0;
6210.56 1 116 0;
6220.37 2 2 0;
6222.62 2 5 0;
6228.15 1 117 0;
6228.17 2 2 0;
6228.18 2 5 0;
6234.89 2 2 0;
6237.07 2 5 0;
6249.29 1 118 0;
6264.69 2 2 0;
6264.7 2 5 0;
6269.15 1 119 0;
6270.28 2 2 0;
6270.29 2 5 0;
6279.13 2 2 0;
6279.14 2 5 0;
6285.67 2 2 0;
6287.88 2 5 0;
6294.48 1 120 0;
6303.29 2 2 0;
6304.42 2 5 0;
6310.94 2 0 0;
6312.04 2 5 0;
6316.4 1 121 0;
6317.5 2 2 0;
6319.72 2 5 0;
6325.31 2 2 0;
6326.46 2 5 0;
6335.34 2 0 0;
6335.36 2 5 0;
6336.49 1 122 0;
6339.83 2 2 0;
6340.95 2 5 0;
6358.69 1 123 0;
6368.79 2 2 0;
6368.82 2 5 0;
6376.58 1 124 0;
6383.27 1 125 0;
6394.43 2 2 0;
6396.69 2 5 0;
6402.25 1 126 0;
6412.2 2 2 0;
6412.22 2 5 0;
6431.12 2 2 0;
6431.15 2 5 0;
6448.98 1 127 0;
6458.91 2 0 0;
6458.93 2 5 0;
6477.86 2 2 0;
6477.89 2 5 0;
6496.82 2 2 0;
6497.92 2 5 0;
6524.18 2 2 0;
6525.33 2 5 0;
6544.04 2 0 0;
6544.05 2 5 0;
6561.6 2 2 0;
6562.77 2 5 0;
6580.42 2 2 0;
6582.65 2 5 0;
6611.17 2 2 0;
6611.19 2 5 0;
6618.94 2 2 0;
6618.96 2 5 0;
6647.7 2 2 0;
6648.79 2 5 0;
6666.42 2 2 0;
6666.44 2 5 0;
6695.39 2 2 0;
6695.41 2 5 0;
6704.25 2 2 0;
6704.26 2 5 0;
6710.89 2 2 0;
6710.91 2 5 0;
6740.64 2 2 0;
6741.75 2 5 0;
6759.42 2 0 0;
6760.55 2 5 0;
6778.19 2 2 0;
6778.21 2 5 0;
6797.01 2 2 0;
6797.04 2 5 0;
6824.67 2 2 0;
6825.85 2 5 0;
6844.74 2 0 0;
6844.78 2 5 0;
6862.48 2 2 0;
6863.59 2 5 0;
6881.35 2 2 0;
6882.46 2 5 0;
6890.24 2 0 0;
6890.25 2 5 0;
6918.73 2 2 0;
6918.76 2 5 0;
6946.4 2 2 0;
6947.57 2 5 0;
6955.25 2 2 0;
6955.26 2 5 0;
6964.06 2 2 0;
6965.16 2 5 0;
6970.64 2 0 0;
6972.86 2 5 0;
6990.47 2 2 0;
6990.48 2 5 0;
7009.22 2 2 0;
7010.35 2 5 0;
7015.89 2 0 0;
7017.03 2 5 0;
7044.69 2 2 0;
7046.95 2 5 0;
7073.6 2 2 0;
7075.88 2 5 0;
7082.47 2 2 0;
7082.49 2 5 0;
7101.33 2 0 0;
7101.35 2 5 0;
7131.03 2 2 0;
7132.11 2 5 0;
7137.66 2 2 0;
7139.9 2 5 0;
7166.65 2 2 0;
7168.86 2 5 0;
7175.4 2 2 0;
7175.41 2 5 0;
7204.85 2 2 0;
7204.86 2 5 0;
7223.79 2 2 0;
7224.88 2 5 0;
7232.68 2 0 0;
7232.72 2 5 0;
7261.59 2 2 0;
7261.61 2 5 0;
7268.25 2 2 0;
7268.26 2 5 0;
7297.98 2 2 0;
7299.09 2 5 0;
7316.8 2 0 0;
7317.88 2 5 0;
7335.59 2 2 0;
7335.63 2 5 0;
7354.32 2 2 0;
7354.34 2 5 0;
7381.93 2 2 0;
7383.04 2 5 0;
7390.76 2 2 0;
7391.85 2 5 0;
7419.38 2 2 0;
7419.41 2 5 0;
7428.18 2 2 0;
7428.19 2 5 0;
7445.62 2 0 0;
7446.79 2 5 0;
7464.25 2 2 0;
7464.27 2 5 0;
7483.17 2 2 0;
7483.19 2 5 0;
7491.92 2 0 0;
7491.94 2 5 0;
7519.54 2 2 0;
7520.65 2 5 0;
7528.42 2 2 0;
7528.45 2 5 0;
7551.73 2 6 0;
7557.39 2 0 0;
7557.4 2 7 0;
7575.04 2 3 0;
7576.14 2 7 0;
7581.67 2 8 0;
7585.01 2 9 0;
7589.48 2 10 0;
7593.95 2 11 0;
7598.34 2 12 0;
7608.31 2 7 0;
7608.33 2 13 0;
7615.01 2 8 0;
7617.25 2 14 0;
7641.64 2 15 0;
7644.96 2 2 0;
7644.97 2 15 0;
7660.3 2 16 0;
7682.29 2 17 0;
7701.98 2 11 0;
7702.01 2 17 0;
7708.6 2 16 0;
7709.75 2 2 0;
7709.76 2 16 0;
7710.89 2 15 0;
7715.27 2 10 0;
7715.28 2 16 0;
7722.88 2 9 0;
7724.03 2 16 0;
7751.58 2 10 0;
7753.79 2 16 0;
7760.44 2 10 0;
7760.47 2 17 0;
7765.98 2 18 0;
7766 2 12 0;
7768.22 2 18 0;
7768.23 2 19 0;
7772.65 2 20 0;
7772.66 2 14 0;
7773.75 2 21 0;
7774.91 2 22 0;
7776 2 21 0;
7778.16 2 15 0;
7779.27 2 22 0;
7779.29 2 23 0;
7780.43 2 24 0;
7782.59 2 23 0;
7783.69 2 25 0;
7783.7 2 23 0;
7783.71 2 22 0;
7784.8 2 21 0;
7784.81 2 19 0;
7786.96 2 22 0;
7788.06 2 19 0;
7788.08 2 15 0;
7788.1 2 14 0;
7791.38 2 15 0;
7792.46 2 13 0;
7792.47 2 14 0;
7793.56 2 15 0;
7795.73 2 13 0;
7796.87 2 15 0;
7796.88 2 19 0;
7796.89 2 14 0;
7796.89 2 9 0;
7797.99 2 5 0;
7798 2 3 0;
7800.19 2 0 0;
7868.27 1 126 0;
7879.33 1 125 0;
7885.01 1 124 0;
7892.77 1 123 0;
7899.43 1 122 0;
7908.25 1 121 0;
7914.78 1 120 0;
7924.71 1 119 0;
7925.82 2 1 0;
7934.65 1 118 0;
7943.5 1 117 0;
7952.47 1 116 0;
7962.43 1 115 0;
7968.01 2 2 0;
7969.15 1 114 0;
7977.99 1 113 0;
7981.36 2 3 0;
7986.9 1 112 0;
7995.76 2 4 0;
7996.9 1 111 0;
8005.77 1 110 0;
8011.37 2 5 0;
8015.79 1 109 0;
8025.8 1 108 0;
8028.05 2 6 0;
8034.69 1 107 0;
8043.48 2 7 0;
8047.96 1 106 0;
8057.83 1 105 0;
8063.34 1 104 0;
8065.54 2 8 0;
8074.44 1 103 0;
8075.56 2 9 0;
8084.49 1 102 0;
8089.98 2 10 0;
8089.99 1 101 0;
8098.88 1 100 0;
8101.13 2 11 0;
8104.45 1 99 0;
8112.25 2 12 0;
8112.27 1 98 0;
8118.86 1 97 0;
8122.18 2 13 0;
8128.86 1 96 0;
8131.15 2 14 0;
8136.68 1 95 0;
8141.1 2 15 0;
8147.71 1 94 0;
8151.03 2 16 0;
8159.77 1 93 0;
8162.06 2 17 0;
8173.07 2 18 0;
8177.41 1 92 0;
8182.89 2 19 0;
8190.56 1 91 0;
8191.66 2 20 0;
8201.62 2 21 0;
8204.98 1 90 0;
8213.81 2 22 0;
8221.62 1 89 0;
8223.97 2 23 0;
8231.72 1 88 0;
8233.96 2 24 0;
8243.88 2 25 0;
8253.86 1 87 0;
8257.24 2 26 0;
8267.08 1 86 0;
8270.44 2 27 0;
8281.43 1 85 0;
8282.54 2 28 0;
8294.77 1 84 0;
8294.79 2 29 0;
8308.14 1 83 0;
8308.16 2 30 0;
8320.37 1 82 0;
8322.65 2 31 0;
8332.63 2 32 0;
8333.74 1 81 0;
8345.83 2 33 0;
8351.37 1 80 0;
8357.01 2 34 0;
8361.48 1 79 0;
8371.5 2 35 0;
8379.29 1 78 0;
8382.61 2 36 0;
8394.69 1 77 0;
8394.71 2 37 0;
8406.9 1 76 0;
8409.1 2 38 0;
8417.91 1 75 0;
8426.76 2 39 0;
8436.6 1 74 0;
8448.71 1 73 0;
8449.82 2 40 0;
8463.99 2 41 0;
8467.26 1 72 0;
8480.36 2 42 0;
8488.06 1 71 0;
8493.57 2 43 0;
8503.59 1 70 0;
8503.61 2 44 0;
8514.68 2 45 0;
8518.02 1 69 0;
8522.41 2 46 0;
8532.31 1 68 0;
8535.64 2 47 0;
8544.49 1 67 0;
8544.5 2 48 0;
8549.97 2 49 0;
8563.34 2 50 0;
8564.47 1 66 0;
8574.39 2 51 0;
8584.43 2 52 0;
8586.62 1 65 0;
8597.59 2 53 0;
8601.94 1 64 0;
8610.75 2 54 0;
8618.5 1 63 0;
8625.11 2 55 0;
8633.93 1 62 0;
8643.88 2 56 0;
8650.53 1 61 0;
8660.33 2 57 0;
8664.78 1 60 0;
8678.07 1 59 0;
8678.09 2 58 0;
8689.16 1 58 0;
8697.91 2 59 0;
8701.28 1 57 0;
8712.25 1 56 0;
8712.26 2 60 0;
8721.13 1 55 0;
8728.83 2 61 0;
8734.3 1 54 0;
8739.82 2 62 0;
8747.48 1 53 0;
8757.5 2 63 0;
8757.54 1 52 0;
8768.67 1 51 0;
8773.12 2 64 0;
8782.03 1 50 0;
8786.46 2 65 0;
8799.82 1 49 0;
8800.96 2 66 0;
8813.13 2 67 0;
8820.89 1 48 0;
8827.47 2 68 0;
8838.43 1 47 0;
8845.04 2 69 0;
8856.01 1 46 0;
8860.47 2 70 0;
8872.65 1 45 0;
8878.12 2 71 0;
8884.77 1 44 0;
8892.47 2 72 0;
8897.95 1 43 0;
8912.36 1 42 0;
8912.38 2 73 0;
8923.44 1 41 0;
8930.12 2 74 0;
8933.46 1 40 0;
8943.25 1 39 0;
8951 2 75 0;
8955.45 1 38 0;
8966.47 1 37 0;
8967.63 2 76 0;
8975.26 1 36 0;
8986.33 1 35 0;
8990.73 2 77 0;
8998.42 1 34 0;
9007.26 1 33 0;
9010.53 2 78 0;
9018.29 1 32 0;
9029.33 2 79 0;
9030.42 1 31 0;
9042.53 2 80 0;
9043.62 1 30 0;
9054.62 1 29 0;
9057.96 2 81 0;
9067.93 1 28 0;
9072.34 2 82 0;
9081.19 1 27 0;
9088.92 2 83 0;
9094.53 1 26 0;
9104.37 1 25 0;
9105.47 2 84 0;
9117.6 1 24 0;
9119.85 2 85 0;
9128.57 1 23 0;
9131.82 2 86 0;
9141.8 1 22 0;
9146.22 2 87 0;
9155.07 1 21 0;
9160.57 2 88 0;
9171.49 1 20 0;
9172.58 2 89 0;
9185.75 1 19 0;
9195.73 2 90 0;
9203.49 1 18 0;
9213.47 2 91 0;
9217.92 1 17 0;
9227.92 2 92 0;
9232.37 1 16 0;
9245.6 2 93 0;
9246.7 1 15 0;
9255.47 2 94 0;
9260.96 1 14 0;
9270.85 2 95 0;
9275.22 1 13 0;
9286.21 1 12 0;
9287.32 2 96 0;
9297.33 1 11 0;
9298.46 2 97 0;
9309.47 1 10 0;
9314.92 2 98 0;
9320.37 1 9 0;
9332.49 2 99 0;
9333.58 1 8 0;
9347.99 1 7 0;
9352.44 2 100 0;
9361.3 1 6 0;
9369.03 2 101 0;
9372.37 1 5 0;
9381.15 2 102 0;
9384.42 1 3 0;
9397.64 2 103 0;
9397.66 1 2 0;
9416.35 1 1 0;
9416.37 2 104 0;
9429.54 2 105 0;
9444.93 2 106 0;
9462.65 2 107 0;
9465.93 1 0 0;
9484.69 2 108 0;
9502.43 2 109 0;
9518.09 2 110 0;
9535.8 2 111 0;
9551.11 2 112 0;
9568.98 2 113 0;
9584.72 2 114 0;
9598.08 2 115 0;
9616.82 2 116 0;
9639.86 2 117 0;
9654.14 2 118 0;
9672.78 2 119 0;
9689.33 2 120 0;
9704.89 2 121 0;
9721.66 2 122 0;
9741.39 2 123 0;
9750.16 2 124 0;
9761.29 2 125 0;
9773.46 2 126 0;
9802.43 2 127 0;
11286.7 3 1 0;
11330.7 3 2 0;
11348.5 3 3 0;
11367.2 3 4 0;
11388.2 3 5 0;
11395.9 2 126 0;
11404.7 3 6 0;
11414.8 3 7 0;
11419.1 2 125 0;
11428 3 8 0;
11437.9 3 9 0;
11441.2 2 124 0;
11447.8 3 10 0;
11457.8 3 11 0;
11466.7 3 12 0;
11475.6 3 13 0;
11484.5 3 14 0;
11484.5 2 123 0;
11494.4 3 15 0;
11502.2 3 16 0;
11511.9 3 17 0;
11520.7 2 122 0;
11521.9 3 18 0;
11530.7 3 19 0;
11536.2 2 121 0;
11544 3 20 0;
11548.4 2 120 0;
11554 3 21 0;
11559.6 2 119 0;
11567.3 3 22 0;
11567.3 2 118 0;
11576.2 2 117 0;
11580.7 3 23 0;
11582.9 2 116 0;
11591.6 2 115 0;
11598.2 2 114 0;
11599.3 3 24 0;
11604.7 2 113 0;
11609.1 2 112 0;
11613.6 3 25 0;
11614.7 2 111 0;
11621.3 2 109 0;
11627.9 2 108 0;
11627.9 3 26 0;
11632.3 2 107 0;
11641.2 2 106 0;
11641.2 3 27 0;
11646.8 2 105 0;
11651.2 3 28 0;
11652.3 2 104 0;
11660 2 103 0;
11663.3 3 29 0;
11667.7 2 102 0;
11674.3 2 101 0;
11674.3 3 30 0;
11682 2 100 0;
11687.5 3 31 0;
11691.9 2 99 0;
11696.3 3 32 0;
11701.7 2 98 0;
11709.4 3 33 0;
11714.8 2 97 0;
11719.2 3 34 0;
11723.6 2 96 0;
11731.2 2 95 0;
11732.3 3 35 0;
11739.9 2 94 0;
11744.3 3 36 0;
11748.7 2 93 0;
11754.3 3 37 0;
11755.5 2 92 0;
11766.5 2 91 0;
11767.6 3 38 0;
11777.5 2 90 0;
11777.5 3 39 0;
11787.3 3 40 0;
11789.6 2 89 0;
11796.2 3 41 0;
11803.9 3 42 0;
11805.1 2 88 0;
11812.9 3 43 0;
11819.5 2 87 0;
11820.6 3 44 0;
11828.3 3 45 0;
11832.8 2 86 0;
11837.1 3 46 0;
11843.9 3 47 0;
11847.2 2 85 0;
11851.5 3 48 0;
11859.3 3 49 0;
11860.4 2 84 0;
11868 3 50 0;
11870.3 2 83 0;
11874.8 3 51 0;
11883.5 2 82 0;
11883.6 3 52 0;
11892.4 3 53 0;
11892.4 2 81 0;
11902.4 3 54 0;
11903.5 2 80 0;
11911.2 2 79 0;
11913.5 3 55 0;
11921.1 2 78 0;
11925.5 3 56 0;
11929.9 2 77 0;
11937.7 3 57 0;
11939.9 2 76 0;
11947.6 2 75 0;
11947.6 3 58 0;
11957.5 2 74 0;
11960.8 3 59 0;
11969.6 2 73 0;
11970.7 3 60 0;
11976.2 2 72 0;
11985 3 61 0;
11986.1 2 71 0;
11999.2 2 70 0;
11999.2 3 62 0;
12008 2 69 0;
12015.7 3 63 0;
12016.8 2 68 0;
12030.1 3 64 0;
12031.2 2 67 0;
12046.6 3 65 0;
12047.7 2 66 0;
12062 3 66 0;
12065.3 2 65 0;
12070.8 3 67 0;
12076.3 2 64 0;
12085.1 3 68 0;
12088.5 2 63 0;
12097.3 3 69 0;
12097.3 2 62 0;
12103.8 2 61 0;
12107.1 3 70 0;
12111.5 2 60 0;
12117.1 3 71 0;
12120.4 2 59 0;
12130.2 3 72 0;
12133.5 2 58 0;
12143.4 2 57 0;
12143.4 3 73 0;
12151.1 2 56 0;
12152.1 3 74 0;
12161.1 2 55 0;
12162.2 3 75 0;
12171 2 54 0;
12174.3 3 76 0;
12177.7 2 53 0;
12184.3 3 77 0;
12186.6 2 52 0;
12194.3 3 78 0;
12194.3 2 51 0;
12203.1 2 50 0;
12205.4 3 79 0;
12208.6 2 49 0;
12217.3 3 80 0;
12217.4 2 48 0;
12225.1 2 47 0;
12227.3 3 81 0;
12231.7 2 46 0;
12241.7 2 45 0;
12245 3 82 0;
12253.8 2 44 0;
12259.4 3 83 0;
12263.8 2 43 0;
12272.8 3 84 0;
12278.4 2 42 0;
12283.8 3 85 0;
12287.1 2 41 0;
12293.7 3 86 0;
12297 2 40 0;
12309.1 3 87 0;
12310.2 2 39 0;
12318.9 3 88 0;
12326.6 2 38 0;
12336.5 3 89 0;
12342 2 37 0;
12350.7 3 90 0;
12368.3 2 36 0;
12368.3 3 91 0;
12382.8 3 92 0;
12384 2 35 0;
12398.2 2 34 0;
12401.5 3 93 0;
12410.3 2 33 0;
12419.1 3 94 0;
12419.2 2 32 0;
12429.2 2 31 0;
12438 3 95 0;
12442.4 2 30 0;
12453.6 3 96 0;
12457 2 29 0;
12468.1 2 28 0;
12474.7 3 97 0;
12481.3 2 27 0;
12493.5 3 98 0;
12495.7 2 26 0;
12508.9 3 99 0;
12513.4 2 25 0;
12524.5 3 100 0;
12526.7 2 24 0;
12542.1 3 101 0;
12544.3 2 23 0;
12558.5 3 102 0;
12561.8 2 22 0;
12578.2 3 103 0;
12580.4 2 21 0;
12603.4 3 104 0;
12604.5 2 20 0;
12623.2 3 105 0;
12625.4 2 19 0;
12636.4 3 106 0;
12638.7 2 18 0;
12654 2 17 0;
12657.4 3 107 0;
12667.3 2 16 0;
12675 3 108 0;
12678.3 2 15 0;
12687.1 2 14 0;
12691.5 3 109 0;
12699.1 2 13 0;
12708 3 110 0;
12708 2 12 0;
12722.3 2 11 0;
12732.1 3 111 0;
12734.3 2 10 0;
12745.3 2 9 0;
12755.2 3 112 0;
12757.5 2 8 0;
12768.4 2 7 0;
12777.2 3 113 0;
12780.6 2 6 0;
12790.5 2 5 0;
12803.7 3 114 0;
12803.7 2 4 0;
12818 2 3 0;
12823.6 3 115 0;
12831.2 2 2 0;
12849.9 3 116 0;
12858.8 2 1 0;
12867.6 3 117 0;
12890.8 3 118 0;
12904 3 119 0;
12905.1 2 0 0;
12918.4 3 120 0;
12942.7 3 121 0;
12964.6 3 122 0;
12976.6 3 123 0;
12991.9 3 124 0;
13009.4 3 125 0;
13034.5 3 126 0;
13103.8 3 127 0;
13975.1 4 1 0;
13979.5 3 125 0;
13980.7 3 127 0;
13994 4 2 0;
13998.4 4 3 0;
14007.2 4 4 0;
14015 4 5 0;
14022.7 4 6 0;
14031.5 4 7 0;
14039.1 4 8 0;
14046.8 4 9 0;
14054.5 4 10 0;
14063.3 3 126 0;
14066.6 4 11 0;
14076.5 4 12 0;
14085.2 4 13 0;
14089.7 3 125 0;
14098.6 4 14 0;
14099.7 3 124 0;
14104 3 123 0;
14108.4 4 15 0;
14111.7 3 122 0;
14117.2 4 16 0;
14118.4 3 121 0;
14126.1 4 17 0;
14131.6 3 120 0;
14132.7 4 18 0;
14137.1 3 119 0;
14140.4 4 19 0;
14147 4 20 0;
14150.3 3 118 0;
14153.6 4 21 0;
14155.8 3 117 0;
14159.1 4 22 0;
14166.7 4 23 0;
14167.8 3 116 0;
14172.2 4 24 0;
14177.8 3 115 0;
14177.8 4 25 0;
14185.5 4 26 0;
14190.9 4 27 0;
14190.9 3 114 0;
14196.4 4 28 0;
14199.6 3 113 0;
14204 4 29 0;
14211.8 4 30 0;
14211.8 3 112 0;
14217.3 4 31 0;
14219.6 3 111 0;
14224 4 32 0;
14231.7 4 33 0;
14231.8 3 110 0;
14239.4 4 34 0;
14240.5 3 109 0;
14247.1 4 35 0;
14249.3 3 108 0;
14254.9 4 36 0;
14259.3 3 107 0;
14263.7 4 37 0;
14270.3 3 106 0;
14273.6 4 38 0;
14278 3 105 0;
14282.4 4 39 0;
14290.2 3 104 0;
14291.3 4 40 0;
14301.3 4 41 0;
14309.1 3 103 0;
14310.2 4 42 0;
14321.4 4 43 0;
14324.8 3 102 0;
14330.2 4 44 0;
14337.9 4 45 0;
14337.9 3 101 0;
14346.6 4 46 0;
14352.1 4 47 0;
14356.6 3 100 0;
14359.9 4 48 0;
14366.5 4 49 0;
14366.5 3 99 0;
14374.1 4 50 0;
14376.4 3 98 0;
14379.6 4 51 0;
14385.1 4 52 0;
14388.4 3 97 0;
14392.8 4 53 0;
14398.3 3 96 0;
14401.6 4 54 0;
14408.2 3 95 0;
14410.4 4 55 0;
14419.2 3 94 0;
14419.2 4 56 0;
14428 4 57 0;
14432.4 3 93 0;
14435.8 4 58 0;
14442.4 3 92 0;
14444.6 4 59 0;
14452.2 4 60 0;
14453.3 3 91 0;
14461 4 61 0;
14465.4 3 90 0;
14467.7 4 62 0;
14475.3 3 89 0;
14476.5 4 63 0;
14484.1 4 64 0;
14488.5 3 88 0;
14491.8 4 65 0;
14496.1 3 87 0;
14500.6 4 66 0;
14506.1 3 86 0;
14507.2 4 67 0;
14514.9 4 68 0;
14516 3 85 0;
14521.6 4 69 0;
14529.3 3 84 0;
14530.4 4 70 0;
14539.3 3 83 0;
14539.3 4 71 0;
14548.1 3 82 0;
14548.1 4 72 0;
14557 3 81 0;
14559.2 4 73 0;
14563.6 3 80 0;
14570.1 3 79 0;
14570.1 4 74 0;
14578.9 3 78 0;
14580 4 75 0;
14587.7 3 77 0;
14592 4 76 0;
14594.3 3 76 0;
14600.8 4 77 0;
14601.9 3 75 0;
14610.6 3 74 0;
14615 4 78 0;
14619.4 3 73 0;
14620.5 4 79 0;
14630.6 3 72 0;
14630.6 4 80 0;
14640.6 3 71 0;
14640.6 4 81 0;
14651.6 4 82 0;
14652.7 3 70 0;
14661.5 3 69 0;
14665.9 4 83 0;
14670.3 3 68 0;
14674.8 4 84 0;
14680.3 3 67 0;
14685.9 4 85 0;
14685.9 3 66 0;
14699.1 3 65 0;
14699.1 4 86 0;
14708 3 64 0;
14713.5 4 87 0;
14716.8 3 63 0;
14722.2 4 88 0;
14727.8 3 62 0;
14732.2 4 89 0;
14737.7 3 61 0;
14745.3 4 90 0;
14749.8 3 60 0;
14755.3 4 91 0;
14759.6 3 59 0;
14767.3 4 92 0;
14771.6 3 58 0;
14776 4 93 0;
14781.6 3 57 0;
14787.1 4 94 0;
14793.6 3 56 0;
14799.2 4 95 0;
14808.1 3 55 0;
14812.5 4 96 0;
14822.4 4 97 0;
14823.6 3 54 0;
14840 4 98 0;
14842.3 3 53 0;
14850.1 4 99 0;
14856.7 3 52 0;
14866.8 4 100 0;
14874.4 3 51 0;
14884.4 4 101 0;
14893.1 3 50 0;
14899.7 4 102 0;
14911.9 3 49 0;
14911.9 4 103 0;
14930.8 3 48 0;
14930.8 4 104 0;
14944.1 3 47 0;
14947.4 4 105 0;
14961.6 3 46 0;
14962.8 4 107 0;
14976 3 45 0;
14980.5 4 108 0;
14989.3 3 44 0;
14998.1 4 109 0;
15003.6 3 43 0;
15013.5 4 110 0;
15021.2 3 42 0;
15034.5 4 111 0;
15035.5 3 41 0;
15048.8 3 40 0;
15054.4 4 112 0;
15060 3 39 0;
15073.4 3 38 0;
15075.8 4 113 0;
15092.3 3 37 0;
15101.2 4 114 0;
15107.8 3 36 0;
15115.6 4 115 0;
15128.8 3 35 0;
15137.7 4 116 0;
15145.4 3 34 0;
15153.1 4 117 0;
15165.3 3 33 0;
15166.4 4 118 0;
15180.8 3 32 0;
15181.9 4 119 0;
15192.9 3 31 0;
15195.1 4 120 0;
15209.4 3 30 0;
15209.4 4 121 0;
15227 4 122 0;
15230.3 3 29 0;
15241.3 4 123 0;
15253.5 3 28 0;
15259 4 124 0;
15272.1 3 27 0;
15277.6 4 125 0;
15295.3 3 26 0;
15299.7 4 126 0;
15317.4 3 25 0;
15331.7 3 24 0;
15351.6 3 23 0;
15356 4 127 0;
15363.6 3 22 0;
15379.1 3 21 0;
15390.1 3 20 0;
15404.5 3 19 0;
15414.4 3 18 0;
15428.7 3 17 0;
15446.4 3 15 0;
15459.8 3 14 0;
15469.8 3 13 0;
15480.8 3 12 0;
15491.8 3 11 0;
15502.8 3 10 0;
15516.1 3 9 0;
15529.4 3 8 0;
15542.6 3 7 0;
15554.7 3 6 0;
15566.8 3 5 0;
15581.2 3 4 0;
15591.3 3 3 0;
15604.5 3 2 0;
15622.1 3 1 0;
15650.9 3 0 0;
16540.4 5 1 0;
16554.6 4 126 0;
16558 5 2 0;
16565.7 5 3 0;
16565.8 4 125 0;
16571.2 4 124 0;
16575.6 5 4 0;
16581.1 4 123 0;
16585.5 5 5 0;
16589.9 4 122 0;
16594.3 5 6 0;
16602 4 121 0;
16603.1 5 7 0;
16611.8 5 8 0;
16611.9 4 120 0;
16621.8 5 9 0;
16625.1 4 119 0;
16629.5 5 10 0;
16636.5 4 118 0;
16637.6 5 11 0;
16645.2 4 117 0;
16646.4 5 12 0;
16655.1 5 13 0;
16659.5 4 116 0;
16663.9 5 14 0;
16672.7 5 15 0;
16673.9 4 115 0;
16681.6 5 16 0;
16682.7 4 113 0;
16687.1 5 17 0;
16694.8 5 18 0;
16700.3 5 19 0;
16701.3 4 112 0;
16707.9 5 20 0;
16714.6 5 21 0;
16715.7 4 111 0;
16722.3 5 22 0;
16727.8 5 23 0;
16732.1 4 110 0;
16735.4 5 24 0;
16742 5 25 0;
16744.3 4 109 0;
16749.8 5 26 0;
16755.4 5 27 0;
16755.4 4 108 0;
16760.9 5 28 0;
16768.7 4 107 0;
16769.8 5 29 0;
16775.3 5 30 0;
16779.7 4 106 0;
16783 5 31 0;
16787.3 4 105 0;
16788.4 5 32 0;
16796.1 5 33 0;
16797.3 4 104 0;
16802.7 5 34 0;
16806 4 103 0;
16813.7 5 35 0;
16818.1 4 102 0;
16823.6 5 36 0;
16824.7 4 101 0;
16832.5 5 37 0;
16838 4 100 0;
16845.8 5 38 0;
16851.3 4 99 0;
16855.7 5 39 0;
16865.6 4 98 0;
16869 5 40 0;
16875.6 5 41 0;
16883.3 4 97 0;
16887.8 5 42 0;
16895.7 5 43 0;
16899 4 96 0;
16907.7 5 44 0;
16911 4 95 0;
16916.5 5 45 0;
16920.9 4 94 0;
16926.4 5 46 0;
16930.8 4 93 0;
16938.5 5 47 0;
16939.6 4 92 0;
16947.4 4 91 0;
16948.5 5 48 0;
16953.9 4 90 0;
16961.8 5 49 0;
16962.9 4 89 0;
16971.7 5 50 0;
16972.9 4 88 0;
16980.7 4 87 0;
16985.2 5 51 0;
16990.8 4 86 0;
16995.2 5 52 0;
16997.4 4 85 0;
17004 5 53 0;
17009.6 4 84 0;
17014 5 54 0;
17019.5 4 83 0;
17023.9 5 55 0;
17029.5 4 82 0;
17033.9 5 56 0;
17038.3 4 81 0;
17043.8 5 57 0;
17047.1 4 80 0;
17056 5 58 0;
17057.1 4 79 0;
17066 4 78 0;
17066 5 59 0;
17076 4 77 0;
17080.4 5 60 0;
17085.9 4 76 0;
17090.3 5 61 0;
17098 4 75 0;
17104.6 5 62 0;
17112.3 4 74 0;
17117.7 5 63 0;
17122.1 4 73 0;
17129.9 5 64 0;
17131 4 72 0;
17144.2 5 65 0;
17144.2 4 71 0;
17156.5 4 70 0;
17156.5 5 66 0;
17164.2 4 69 0;
17166.5 5 67 0;
17176.4 4 68 0;
17176.4 5 68 0;
17186.4 4 67 0;
17190.9 5 69 0;
17197.6 4 66 0;
17204.2 5 70 0;
17209.6 4 65 0;
17218.4 5 71 0;
17219.5 4 64 0;
17229.4 4 63 0;
17236.1 5 72 0;
17241.6 4 62 0;
17250.4 4 61 0;
17250.4 5 73 0;
17260.4 4 60 0;
17265.9 5 74 0;
17270.3 4 59 0;
17279 4 58 0;
17283.5 5 75 0;
17289.1 4 57 0;
17297.9 5 76 0;
17301.2 4 56 0;
17310.1 4 55 0;
17311.2 5 77 0;
17321.2 4 54 0;
17324.5 5 78 0;
17331.2 4 53 0;
17335.6 5 79 0;
17341.2 4 52 0;
17352.4 5 80 0;
17355.8 4 51 0;
17368 4 50 0;
17368.1 5 81 0;
17378 4 49 0;
17381.3 5 82 0;
17393.6 4 48 0;
17396.9 5 83 0;
17405.7 4 47 0;
17411.2 5 84 0;
17415.7 4 46 0;
17424.5 5 85 0;
17430.1 4 45 0;
17438.9 4 44 0;
17443.3 5 86 0;
17448.9 4 43 0;
17458.8 5 87 0;
17463.2 4 42 0;
17471 5 88 0;
17478.6 4 41 0;
17485.4 5 89 0;
17493.1 4 40 0;
17498.6 5 90 0;
17504.1 4 39 0;
17512.8 5 91 0;
17517.2 4 38 0;
17526 5 92 0;
17530.4 4 37 0;
17535.9 5 93 0;
17544.7 4 36 0;
17548 5 94 0;
17558 4 35 0;
17558 5 95 0;
17567.9 5 96 0;
17572.3 4 34 0;
17581.2 5 97 0;
17585.7 4 33 0;
17590.2 5 98 0;
17595.7 4 32 0;
17604.5 5 99 0;
17604.5 4 31 0;
17617.8 4 30 0;
17618.9 5 100 0;
17628.9 5 101 0;
17628.9 4 29 0;
17642.2 4 28 0;
17647.8 5 102 0;
17656.6 4 27 0;
17664.3 5 103 0;
17666.6 4 26 0;
17676.5 5 104 0;
17676.5 4 25 0;
17688.6 4 24 0;
17695.3 5 105 0;
17698.6 4 23 0;
17708.6 4 22 0;
17711.8 5 106 0;
17726.1 5 107 0;
17726.1 4 21 0;
17738.1 5 108 0;
17739.2 4 20 0;
17752.3 5 109 0;
17756.7 4 19 0;
17765.5 5 110 0;
17775.4 4 18 0;
17778.6 5 111 0;
17788.5 4 17 0;
17794 5 112 0;
17806.2 4 16 0;
17806.2 5 113 0;
17817.2 5 114 0;
17819.4 4 15 0;
17829.2 5 115 0;
17833.5 4 14 0;
17843.5 5 116 0;
17850.1 4 13 0;
17852.4 5 117 0;
17860 4 12 0;
17862.2 5 118 0;
17874.2 4 11 0;
17875.3 5 119 0;
17887.4 4 10 0;
17888.5 5 120 0;
17901.7 4 9 0;
17902.8 5 121 0;
17914.9 5 122 0;
17919.3 4 8 0;
17929.2 5 123 0;
17932.5 4 7 0;
17942.5 5 124 0;
17942.5 4 6 0;
17950.2 5 125 0;
17955.7 4 5 0;
17970 4 4 0;
17975.6 5 126 0;
17985.5 4 3 0;
17994.4 4 2 0;
18012 4 1 0;
18044.1 4 0 0;
18052.9 5 127 0;
19134.2 5 126 0;
19171.8 5 125 0;
19178.5 5 124 0;
19190.6 5 123 0;
19199.4 5 122 0;
19209.3 5 121 0;
19218 5 120 0;
19225.7 5 119 0;
19235.7 5 118 0;
19245.6 5 117 0;
19253.3 5 116 0;
19257.7 6 1 0;
19263.3 5 115 0;
19266.6 6 2 0;
19272.1 6 3 0;
19273.2 5 114 0;
19276.6 6 4 0;
19282 6 5 0;
19282.1 5 113 0;
19286.4 6 6 0;
19291.9 5 112 0;
19294.1 6 7 0;
19299.6 6 8 0;
19301.8 5 111 0;
19308.4 6 9 0;
19313.8 5 110 0;
19313.8 6 10 0;
19319.3 6 11 0;
19325.9 5 109 0;
19327.1 6 12 0;
19335.8 6 13 0;
19337 5 108 0;
19342.5 6 14 0;
19350.1 5 107 0;
19351.3 6 15 0;
19359 6 16 0;
19363.4 5 106 0;
19366.7 6 17 0;
19374.4 6 18 0;
19377.6 5 105 0;
19385.3 6 19 0;
19389.6 5 104 0;
19394.1 6 20 0;
19400.6 5 103 0;
19402.8 6 21 0;
19412.7 5 102 0;
19415 6 22 0;
19423.7 5 101 0;
19427 6 23 0;
19434.7 5 100 0;
19435.8 6 24 0;
19447.8 5 99 0;
19449 6 25 0;
19457.7 5 98 0;
19460 6 26 0;
19471 5 97 0;
19476.5 6 27 0;
19480.9 5 96 0;
19486.4 6 28 0;
19494.1 5 95 0;
19499.7 6 29 0;
19504.1 5 94 0;
19514 6 30 0;
19518.4 5 93 0;
19527.2 6 31 0;
19532.8 5 92 0;
19537.1 6 32 0;
19544.8 5 91 0;
19550.3 6 33 0;
19562.5 6 34 0;
19562.5 5 90 0;
19573.6 6 35 0;
19576.9 5 89 0;
19585.8 6 36 0;
19586.9 5 88 0;
19597.9 6 37 0;
19598 5 87 0;
19610 5 86 0;
19613.4 6 38 0;
19624.3 5 85 0;
19624.3 6 39 0;
19633.1 6 40 0;
19633.1 5 84 0;
19642 6 41 0;
19644.3 5 83 0;
19655.2 6 42 0;
19659.6 5 82 0;
19665.1 6 43 0;
19672.7 5 81 0;
19673.8 6 44 0;
19683.8 6 45 0;
19688.1 5 80 0;
19693.7 6 46 0;
19705.8 6 47 0;
19705.8 5 79 0;
19716.9 6 48 0;
19719.2 5 78 0;
19725.7 6 49 0;
19730.1 5 77 0;
19736.7 6 50 0;
19741.1 5 76 0;
19747.8 6 51 0;
19756.6 6 52 0;
19756.6 5 75 0;
19765.5 6 53 0;
19771 5 74 0;
19774.3 6 54 0;
19784.2 6 55 0;
19784.2 5 73 0;
19793 6 56 0;
19795.2 5 72 0;
19804 6 57 0;
19806.2 5 71 0;
19811.7 6 58 0;
19817.2 5 70 0;
19821.7 6 59 0;
19826.2 5 69 0;
19833.9 6 60 0;
19838.3 5 68 0;
19843.8 6 61 0;
19849.3 5 67 0;
19854.8 6 62 0;
19859.3 5 66 0;
19865.9 6 63 0;
19872.5 5 65 0;
19875.8 6 64 0;
19885.7 5 64 0;
19885.7 6 65 0;
19894.5 6 66 0;
19901.2 5 63 0;
19904.5 6 67 0;
19913.4 6 68 0;
19914.5 5 62 0;
19923.3 6 69 0;
19926.7 5 61 0;
19933.2 6 70 0;
19940.9 5 60 0;
19941 6 71 0;
19955.3 6 72 0;
19955.3 5 59 0;
19963.1 6 73 0;
19968.6 5 58 0;
19974.2 6 74 0;
19981.9 5 57 0;
19986.3 6 75 0;
19997.5 5 56 0;
19997.5 6 76 0;
20008.6 6 77 0;
20015.2 5 55 0;
20020.7 6 78 0;
20030.7 5 54 0;
20031.9 6 79 0;
20044 5 53 0;
20044 6 80 0;
20053.9 6 81 0;
20058.4 5 52 0;
20062.8 6 82 0;
20072.8 5 51 0;
20074 6 83 0;
20081.7 6 84 0;
20086.1 5 50 0;
20095 6 85 0;
20096.1 5 49 0;
20106.2 6 86 0;
20106.2 5 48 0;
20115 6 87 0;
20119.5 5 47 0;
20125 6 88 0;
20130.5 5 46 0;
20133.8 6 89 0;
20142.7 5 45 0;
20143.8 6 90 0;
20153.8 5 44 0;
20157.1 6 91 0;
20166 5 43 0;
20170.5 6 92 0;
20180.3 5 42 0;
20181.5 6 93 0;
20193.7 5 41 0;
20194.8 6 94 0;
20206.9 5 40 0;
20209.1 6 95 0;
20217.9 5 39 0;
20219 6 96 0;
20234.5 5 38 0;
20234.5 6 97 0;
20249 6 98 0;
20250 5 37 0;
20263.4 5 36 0;
20264.5 6 99 0;
20275.6 6 100 0;
20280 5 35 0;
20293.3 5 34 0;
20295.5 6 101 0;
20310.9 5 33 0;
20312.1 6 102 0;
20324.3 6 103 0;
20325.4 5 32 0;
20338.7 6 104 0;
20340.9 5 31 0;
20353 6 105 0;
20357.5 5 30 0;
20367.4 6 106 0;
20379.6 5 29 0;
20380.8 6 107 0;
20395.2 6 108 0;
20396.3 5 28 0;
20410.6 5 27 0;
20410.6 6 110 0;
20424 5 26 0;
20425.2 6 111 0;
20441.9 6 112 0;
20441.9 5 25 0;
20455.1 6 113 0;
20456.2 5 24 0;
20466.1 6 114 0;
20470.6 5 23 0;
20471.7 6 115 0;
20484 6 116 0;
20489.5 5 22 0;
20493.9 6 117 0;
20502.8 6 118 0;
20508.3 5 21 0;
20511.7 6 119 0;
20518.3 6 120 0;
20526.1 5 20 0;
20527.2 6 121 0;
20532.7 6 122 0;
20540.4 6 123 0;
20542.7 5 19 0;
20549.4 6 124 0;
20556 6 125 0;
20560.4 5 18 0;
20561.5 6 126 0;
20573.5 5 17 0;
20585.7 5 16 0;
20587.9 6 127 0;
20597.8 5 15 0;
20609.8 5 14 0;
20623 5 13 0;
20631.8 5 12 0;
20645.1 5 11 0;
20657.3 5 10 0;
20672.8 5 9 0;
20685.9 5 8 0;
20700.1 5 7 0;
20711 5 6 0;
20721.9 5 5 0;
20731.8 5 4 0;
20739.5 5 3 0;
20745 5 2 0;
20763.7 5 1 0;
20814.8 5 0 0;
21832 6 126 0;
21842 6 125 0;
21845.3 6 124 0;
21850.8 6 123 0;
21856.4 6 122 0;
21860.9 6 121 0;
21866.4 6 120 0;
21873 6 119 0;
21879.7 6 118 0;
21884.2 6 116 0;
21891.9 7 1 0;
21891.9 6 115 0;
21898.5 6 114 0;
21898.6 7 2 0;
21904.1 6 113 0;
21906.3 7 3 0;
21911.8 6 112 0;
21911.8 7 4 0;
21917.3 7 5 0;
21918.5 6 111 0;
21922.9 7 6 0;
21926.2 6 110 0;
21930.6 7 7 0;
21933.9 6 109 0;
21934.9 7 8 0;
21939.4 6 108 0;
21943.8 7 9 0;
21946 6 107 0;
21949.3 7 10 0;
21953.7 6 106 0;
21954.8 7 11 0;
21959.2 6 105 0;
21962.5 7 12 0;
21968.1 6 104 0;
21968.1 7 13 0;
21975.9 6 103 0;
21975.9 7 14 0;
21981.5 6 102 0;
21981.5 7 15 0;
21987 7 16 0;
21990.4 6 101 0;
21994.8 7 17 0;
21999.2 6 100 0;
22000.3 7 18 0;
22005.8 6 99 0;
22005.8 7 19 0;
22014.6 7 20 0;
22014.6 6 98 0;
22020.1 7 21 0;
22023.4 6 97 0;
22026.7 7 22 0;
22032.1 6 96 0;
22033.3 7 23 0;
22039.9 6 95 0;
22041 7 24 0;
22046.5 7 25 0;
22046.5 6 94 0;
22054.2 7 26 0;
22055.3 6 93 0;
22059.8 7 27 0;
22063.1 6 92 0;
22068.6 7 28 0;
22069.8 6 91 0;
22074.2 7 29 0;
22077.5 6 90 0;
22083 6 89 0;
22084.1 7 30 0;
22091.8 6 88 0;
22092.9 7 31 0;
22098.4 7 32 0;
22098.4 6 87 0;
22106.2 6 86 0;
22107.3 7 33 0;
22115 6 85 0;
22117.2 7 34 0;
22125 6 84 0;
22126.1 7 35 0;
22132.8 6 83 0;
22133.9 7 36 0;
22139.3 6 82 0;
22143.8 7 37 0;
22144.9 6 81 0;
22151.5 6 80 0;
22152.6 7 38 0;
22157 6 79 0;
22158.1 7 39 0;
22162.4 6 78 0;
22165.7 7 40 0;
22170.1 6 77 0;
22172.4 7 41 0;
22175.7 6 76 0;
22180.1 7 42 0;
22180.1 6 75 0;
22185.7 6 74 0;
22187.9 7 44 0;
22193.4 6 73 0;
22194.5 7 45 0;
22198.9 6 72 0;
22203.3 7 46 0;
22207.6 6 71 0;
22212 7 47 0;
22215.3 6 69 0;
22220.7 7 48 0;
22224 6 68 0;
22229.5 7 49 0;
22233.8 6 67 0;
22238.2 7 50 0;
22242.6 6 66 0;
22247 7 51 0;
22252.6 6 65 0;
22257 7 52 0;
22265.9 7 53 0;
22267 6 64 0;
22275.8 7 54 0;
22275.8 6 63 0;
22284.7 7 55 0;
22290.4 6 62 0;
22293.7 7 56 0;
22299.1 6 61 0;
22299.1 7 57 0;
22307.9 7 58 0;
22309 6 60 0;
22315.6 7 59 0;
22321 6 59 0;
22324.3 7 60 0;
22331 6 58 0;
22332.1 7 61 0;
22339.7 6 57 0;
22343 7 62 0;
22352.9 6 56 0;
22352.9 7 63 0;
22364 7 64 0;
22367.3 6 55 0;
22371.8 7 65 0;
22381.7 7 66 0;
22386.2 6 54 0;
22390.6 7 67 0;
22402.7 7 68 0;
22404.8 6 53 0;
22412.6 7 69 0;
22422.4 7 70 0;
22425.8 6 52 0;
22431.3 7 71 0;
22436.8 6 51 0;
22441.2 7 72 0;
22450.1 6 50 0;
22450.1 7 73 0;
22460.1 7 74 0;
22460.1 6 49 0;
22469 7 75 0;
22470.1 6 48 0;
22480.1 7 76 0;
22486.7 6 47 0;
22492.2 7 77 0;
22501.1 7 78 0;
22502.2 6 46 0;
22511 7 79 0;
22516.6 6 45 0;
22521 7 80 0;
22530.9 7 81 0;
22530.9 6 44 0;
22543 7 82 0;
22548.5 6 43 0;
22551.7 7 83 0;
22561.6 6 42 0;
22563.8 7 84 0;
22573.7 7 85 0;
22575.9 6 41 0;
22584.7 7 86 0;
22586.8 6 40 0;
22597.8 7 87 0;
22600 6 39 0;
22608.7 7 88 0;
22610.9 6 38 0;
22619.7 7 89 0;
22623.1 6 37 0;
22631.9 7 90 0;
22632.9 6 36 0;
22641.8 6 35 0;
22642.9 7 91 0;
22651.8 6 34 0;
22655.1 7 92 0;
22661.7 6 33 0;
22670.5 7 93 0;
22671.7 6 32 0;
22680.6 7 94 0;
22683.9 6 31 0;
22693.9 6 30 0;
22698.3 7 95 0;
22702.7 6 29 0;
22712.7 7 96 0;
22713.8 6 28 0;
22725.9 6 27 0;
22729.2 7 97 0;
22735.9 6 26 0;
22744.7 6 25 0;
22748 7 98 0;
22753.5 6 24 0;
22762.2 6 23 0;
22763.4 7 99 0;
22771.2 6 22 0;
22779 7 100 0;
22781.2 6 21 0;
22791 6 20 0;
22804.2 6 19 0;
22804.3 7 101 0;
22813.1 6 18 0;
22823 7 102 0;
22827.5 6 17 0;
22837.4 6 16 0;
22847.4 6 15 0;
22851.9 7 103 0;
22860.7 6 14 0;
22874 6 13 0;
22884.1 7 104 0;
22889.6 6 12 0;
22907.2 6 11 0;
22916.1 7 105 0;
22921.7 6 10 0;
22933.8 6 9 0;
22945.9 6 8 0;
22958 6 7 0;
22959.2 7 106 0;
22972.5 6 6 0;
22984.7 6 5 0;
22990.1 7 107 0;
23003.5 6 4 0;
23013.5 6 3 0;
23029.1 6 2 0;
23030.2 7 108 0;
23043.5 6 1 0;
23055.7 7 109 0;
23078.8 7 110 0;
23084.3 6 0 0;
23097.6 7 111 0;
23111.9 7 112 0;
23130.6 7 113 0;
23139.5 7 114 0;
23157.1 7 115 0;
23172.5 7 116 0;
23186.8 7 117 0;
23202.3 7 118 0;
23216.7 7 119 0;
23237.7 7 120 0;
23255.3 7 121 0;
23272.8 7 122 0;
23294.7 7 123 0;
23316.6 7 124 0;
23335.2 7 125 0;
23365.9 7 126 0;
23446.1 7 127 0;
24861.7 7 126 0;
24868.4 7 125 0;
24873.9 7 124 0;
24880.7 7 123 0;
24888.5 7 122 0;
24898.4 7 121 0;
24907.2 7 120 0;
24916.1 7 119 0;
24922.7 7 118 0;
24931.5 7 117 0;
24939.2 7 116 0;
24948 7 115 0;
24954.6 7 114 0;
24961.2 7 113 0;
24966.7 7 112 0;
24972.3 7 111 0;
24979.9 7 110 0;
24986.5 7 109 0;
24993 7 107 0;
25001.8 7 106 0;
25010.6 7 105 0;
25017.2 7 104 0;
25025.9 7 103 0;
25034.8 7 102 0;
25043.5 7 101 0;
25052.3 7 100 0;
25059 7 99 0;
25066.6 7 98 0;
25074.4 7 97 0;
25078.8 7 96 0;
25085.4 7 95 0;
25089.8 7 94 0;
25094.2 7 93 0;
25099.7 7 92 0;
25104.1 7 91 0;
25108.5 7 90 0;
25111.8 7 89 0;
25117.3 7 88 0;
25121.7 7 87 0;
25126.2 7 86 0;
25130.6 7 85 0;
25135 7 84 0;
25139.4 7 83 0;
25141.7 7 82 0;
25146.1 7 81 0;
25150.5 7 80 0;
25153.8 7 79 0;
25158.2 7 78 0;
25162.5 7 77 0;
25166.9 7 76 0;
25171.3 7 74 0;
25176.8 7 73 0;
25181.2 7 72 0;
25185.5 7 71 0;
25189.9 7 70 0;
25195.5 7 69 0;
25203.2 7 68 0;
25208.7 7 67 0;
25216.5 7 66 0;
25222 7 65 0;
25227.5 7 64 0;
25231.9 7 63 0;
25239.5 7 62 0;
25243.9 7 61 0;
25249.4 7 60 0;
25255 7 59 0;
25262.6 7 58 0;
25266.9 7 57 0;
25271.2 7 56 0;
25278.7 7 55 0;
25284.1 7 54 0;
25294.7 7 53 0;
25303.4 7 52 0;
25310.1 7 51 0;
25318.8 7 50 0;
25329.8 7 49 0;
25339.7 7 48 0;
25348.5 7 47 0;
25357.2 7 46 0;
25363.8 7 45 0;
25372.6 7 44 0;
25381.4 7 43 0;
25390.2 7 42 0;
25399 7 41 0;
25406.8 7 40 0;
25414.6 7 39 0;
25422.2 7 38 0;
25429.9 7 37 0;
25436.5 7 36 0;
25445.2 7 35 0;
25451.7 7 34 0;
25461.6 7 33 0;
25467.1 7 32 0;
25474.8 7 31 0;
25481.5 7 30 0;
25493.7 7 29 0;
25500.2 7 28 0;
25507.8 7 27 0;
25516.6 7 26 0;
25523.3 7 25 0;
25531 7 24 0;
25539.9 7 23 0;
25547.5 7 22 0;
25553 7 21 0;
25559.7 7 20 0;
25567.3 7 19 0;
25575.1 7 18 0;
25580.6 7 17 0;
25586.1 7 16 0;
25593.8 7 15 0;
25599.3 7 14 0;
25607.1 7 13 0;
25612.6 7 12 0;
25621.5 7 11 0;
25628.1 7 10 0;
25635.8 7 9 0;
25642.3 7 8 0;
25650 7 7 0;
25658.9 7 6 0;
25664.4 7 5 0;
25673.2 7 4 0;
25681.9 7 3 0;
25687.5 7 2 0;
25700.7 7 1 0;
25739.7 7 0 0;
