1475.9 1 69 0;
1487.05 1 68 0;
1503.66 1 67 0;
1521.32 1 66 0;
1531.34 0 46 0;
1531.37 1 65 0;
1541.26 1 64 0;
1550.07 1 63 0;
1558.87 1 62 0;
1564.51 1 61 0;
1570.06 1 60 0;
1574.52 1 59 0;
1582.32 1 58 0;
1586.71 1 57 0;
1590.09 1 56 0;
1594.47 1 55 0;
1598.9 1 54 0;
1606.51 1 53 0;
1612.06 1 52 0;
1616.5 1 51 0;
1622 1 50 0;
1625.31 0 45 0;
1628.66 1 49 0;
1634.22 1 48 0;
1638.59 1 47 0;
1644.15 1 46 0;
1648.55 1 45 0;
1652.99 1 44 0;
1657.4 1 43 0;
1664.05 1 42 0;
1668.44 1 41 0;
1675.13 1 40 0;
1680.66 1 39 0;
1682.9 0 44 0;
1686.21 1 38 0;
1695.11 1 37 0;
1700.71 1 36 0;
1709.47 1 35 0;
1717.13 1 34 0;
1725.9 1 33 0;
1731.42 0 43 0;
1732.52 1 32 0;
1740.14 1 31 0;
1748.97 1 30 0;
1754.52 1 29 0;
1758.98 0 42 0;
1761.26 1 28 0;
1767.89 1 27 0;
1774.5 1 26 0;
1781.14 1 25 0;
1783.35 0 41 0;
1786.69 1 24 0;
1792.12 1 23 0;
1797.71 1 22 0;
1805.45 1 21 0;
1812.07 1 20 0;
1819.78 0 40 0;
1823.14 1 19 0;
1833.01 1 18 0;
1842.87 1 17 0;
1842.89 0 39 0;
1848.46 4 16 0;
1850.66 1 16 0;
1859.45 0 38 0;
1859.46 1 15 0;
1869.29 1 14 0;
1869.31 0 37 0;
1873.8 4 15 0;
1879.33 1 13 0;
1880.44 0 36 0;
1884.8 4 14 0;
1892.53 4 13 0;
1892.56 1 12 0;
1894.78 0 35 0;
1901.34 4 12 0;
1906.87 1 11 0;
1906.88 0 34 0;
1910.15 4 11 0;
1916.76 4 10 0;
1916.77 0 33 0;
1921.14 1 10 0;
1923.37 4 9 0;
1929.93 0 32 0;
1929.95 4 8 0;
1933.31 1 9 0;
1937.64 4 7 0;
1942.07 4 6 0;
1943.14 0 31 0;
1947.54 4 5 0;
1948.62 1 8 0;
1952.99 4 4 0;
1955.2 0 30 0;
1959.56 1 7 0;
1959.58 4 3 0;
1963.02 4 2 0;
1967.44 0 29 0;
1970.77 1 6 0;
1975.22 4 1 0;
1980.66 0 28 0;
1980.67 1 5 0;
1992.79 1 4 0;
1993.89 0 27 0;
2002.74 4 0 0;
2002.76 1 3 0;
2002.77 0 26 0;
2009.5 1 2 0;
2012.77 0 25 0;
2024.87 0 24 0;
2027.06 1 1 0;
2034.63 0 23 0;
2043.37 0 22 0;
2052.34 0 21 0;
2062.22 0 20 0;
2062.23 1 0 0;
2069.98 0 19 0;
2079.83 0 18 0;
2088.6 0 17 0;
2099.71 0 16 0;
2104.13 3 23 0;
2108.56 0 15 0;
2122.95 0 14 0;
2141.63 0 13 0;
2149.3 3 22 0;
2159.26 0 12 0;
2169.13 3 21 0;
2172.43 0 11 0;
2180.22 3 20 0;
2185.71 0 10 0;
2191.27 3 19 0;
2199.03 0 9 0;
2200.13 3 18 0;
2209.06 3 17 0;
2214.52 0 8 0;
2215.66 3 16 0;
2222.3 3 15 0;
2227.83 3 14 0;
2232.27 0 7 0;
2236.72 3 13 0;
2242.25 3 12 0;
2246.7 0 6 0;
2247.81 3 11 0;
2253.38 3 10 0;
2261.12 3 9 0;
2266.66 0 5 0;
2266.67 3 8 0;
2272.21 3 7 0;
2276.65 3 6 0;
2281.07 0 4 0;
2283.29 3 5 0;
2288.84 3 4 0;
2293.28 3 3 0;
2298.81 3 2 0;
2298.82 0 3 0;
2307.7 3 1 0;
2313.25 0 2 0;
2323.13 3 0 0;
2337.55 0 1 0;
2397.06 0 0 0;
3320.37 5 1 0;
3361.21 5 0 0;
3813.98 6 1 0;
3829.5 6 2 0;
3837.24 6 3 0;
3841.77 6 4 0;
3850.54 6 5 0;
3855.97 6 6 0;
3860.39 6 7 0;
3862.68 5 1 0;
3865.99 6 8 0;
3870.44 6 9 0;
3878.22 5 2 0;
3878.24 6 10 0;
3883.75 6 11 0;
3883.77 5 3 0;
3889.32 5 4 0;
3889.34 6 12 0;
3893.79 5 5 0;
3893.8 6 13 0;
3899.33 5 6 0;
3900.46 6 14 0;
3903.75 5 7 0;
3907.08 6 15 0;
3909.22 5 8 0;
3912.54 6 16 0;
3916.89 5 9 0;
3920.23 6 17 0;
3921.33 5 10 0;
3925.73 6 18 0;
3926.87 5 11 0;
3931.29 6 19 0;
3934.55 5 12 0;
3936.77 6 20 0;
3938.97 5 13 0;
3944.56 6 21 0;
3944.57 5 14 0;
3950.12 5 15 0;
3950.14 6 22 0;
3954.5 5 16 0;
3957.85 6 23 0;
3958.93 5 17 0;
3963.35 6 24 0;
3964.42 5 18 0;
3967.71 6 25 0;
3970.99 5 19 0;
3973.19 6 26 0;
3976.46 5 20 0;
3980.94 6 27 0;
3982.03 5 21 0;
3986.47 6 28 0;
3987.62 5 22 0;
3992.06 5 23 0;
3992.07 6 29 0;
3998.67 5 24 0;
3999.78 6 30 0;
4004.27 5 25 0;
4005.41 6 31 0;
4009.74 5 26 0;
4010.85 6 32 0;
4014.14 5 27 0;
4018.54 6 33 0;
4021.9 5 28 0;
4024.14 6 34 0;
4027.45 5 29 0;
4033.01 5 30 0;
4033.03 6 35 0;
4038.51 6 36 0;
4038.53 5 31 0;
4046.22 5 33 0;
4047.3 6 37 0;
4051.71 5 34 0;
4055.01 6 38 0;
4057.24 5 35 0;
4063.79 6 39 0;
4064.94 5 36 0;
4069.34 5 37 0;
4070.52 6 40 0;
4078.23 5 38 0;
4078.23 6 41 0;
4083.66 5 39 0;
4086.99 6 42 0;
4089.24 5 40 0;
4093.59 6 43 0;
4096.86 5 41 0;
4100.16 6 44 0;
4101.26 5 42 0;
4106.7 6 45 0;
4108.89 5 43 0;
4114.3 5 44 0;
4114.31 6 46 0;
4118.73 5 45 0;
4121.01 6 47 0;
4125.36 5 46 0;
4128.65 6 48 0;
4132.01 5 47 0;
4134.24 6 49 0;
4137.58 5 48 0;
4142.03 6 50 0;
4142.07 5 49 0;
4147.51 5 50 0;
4147.53 6 51 0;
4155.36 5 51 0;
4155.37 6 52 0;
4160.88 5 52 0;
4160.9 6 53 0;
4166.42 5 53 0;
4167.54 6 54 0;
4170.8 5 54 0;
4175.24 6 55 0;
4178.63 5 55 0;
4180.82 6 57 0;
4185.26 5 56 0;
4189.66 6 58 0;
4190.77 5 57 0;
4195.12 6 59 0;
4198.38 5 58 0;
4202.78 6 60 0;
4203.9 5 59 0;
4211.75 5 60 0;
4211.77 6 61 0;
4218.34 5 61 0;
4218.36 6 62 0;
4222.81 5 62 0;
4226.15 6 63 0;
4231.72 5 63 0;
4235.1 6 64 0;
4240.62 5 64 0;
4240.63 6 65 0;
4246.22 5 65 0;
4253.93 6 66 0;
4255.02 5 66 0;
4259.46 6 67 0;
4262.76 5 67 0;
4268.27 5 68 0;
4269.4 6 68 0;
4277.14 5 69 0;
4281.52 6 69 0;
4282.64 5 70 0;
4289.33 6 70 0;
4291.51 5 71 0;
4297.02 5 72 0;
4301.43 6 71 0;
4302.53 5 73 0;
4311.33 5 74 0;
4314.61 6 72 0;
4320.08 5 75 0;
4326.66 6 73 0;
4327.75 5 76 0;
4336.58 5 77 0;
4338.78 6 74 0;
4345.44 5 78 0;
4355.43 5 79 0;
4355.44 6 75 0;
4362.07 5 80 0;
4369.79 6 76 0;
4370.92 5 81 0;
4379.74 5 82 0;
4383.11 6 77 0;
4388.61 5 83 0;
4397.47 5 84 0;
4398.56 6 78 0;
4404.12 5 85 0;
4411.79 6 79 0;
4412.9 5 86 0;
4420.56 5 87 0;
4425.06 6 80 0;
4430.51 5 88 0;
4439.29 6 81 0;
4439.3 5 89 0;
4446.97 5 90 0;
4449.15 6 82 0;
4455.81 5 91 0;
4461.31 6 83 0;
4462.46 5 92 0;
4471.28 5 93 0;
4474.6 6 84 0;
4481.25 5 94 0;
4485.66 6 85 0;
4490.09 5 95 0;
4497.88 6 86 0;
4500.13 5 96 0;
4510.06 5 97 0;
4510.07 6 87 0;
4523.41 6 88 0;
4524.56 5 98 0;
4537.88 5 99 0;
4541.23 6 89 0;
4553.48 6 90 0;
4556.75 5 100 0;
4574.31 6 91 0;
4577.62 5 101 0;
4590.81 6 92 0;
4594.12 5 102 0;
4601.75 6 93 0;
4610.57 5 103 0;
4617.39 6 94 0;
4629.53 5 104 0;
4634.07 6 95 0;
4651.71 5 105 0;
4652.81 6 96 0;
4667.1 6 97 0;
4762.93 5 106 0;
4880.83 5 105 0;
4908.48 6 96 0;
4909.58 5 104 0;
4931.59 5 103 0;
4947.29 5 102 0;
4962.84 6 95 0;
4966.13 5 101 0;
4982.59 6 94 0;
4986.96 5 100 0;
4998.04 6 93 0;
5002.5 5 99 0;
5009.16 6 92 0;
5016.87 5 98 0;
5022.45 6 91 0;
5031.24 5 97 0;
5035.68 6 90 0;
5044.57 5 96 0;
5050.13 6 89 0;
5055.65 5 95 0;
5062.23 6 88 0;
5072.11 6 87 0;
5072.12 5 94 0;
5084.21 6 86 0;
5086.44 5 93 0;
5096.35 6 85 0;
5100.71 5 92 0;
5109.51 6 84 0;
5113.95 5 91 0;
5122.76 6 83 0;
5128.22 5 90 0;
5131.51 6 82 0;
5140.4 6 81 0;
5143.71 5 89 0;
5149.2 6 80 0;
5153.6 5 88 0;
5155.82 6 79 0;
5163.58 5 87 0;
5164.72 6 78 0;
5170.25 6 77 0;
5173.57 5 86 0;
5178.02 6 76 0;
5182.49 5 85 0;
5184.81 6 75 0;
5191.46 5 84 0;
5192.54 6 74 0;
5200.31 5 83 0;
5200.31 6 73 0;
5206.95 6 72 0;
5206.97 5 82 0;
5211.42 6 71 0;
5215.85 5 81 0;
5216.96 6 70 0;
5221.3 5 80 0;
5223.48 6 69 0;
5227.9 6 68 0;
5228.99 5 79 0;
5233.46 6 67 0;
5235.65 5 78 0;
5238.94 6 66 0;
5243.37 5 77 0;
5243.39 6 65 0;
5248.94 6 64 0;
5250.08 5 76 0;
5256.75 6 63 0;
5257.87 5 75 0;
5262.25 6 62 0;
5266.6 5 74 0;
5267.71 6 61 0;
5275.4 6 60 0;
5275.42 5 73 0;
5280.87 6 59 0;
5284.25 5 72 0;
5285.36 6 58 0;
5289.8 5 71 0;
5290.89 6 57 0;
5295.37 6 56 0;
5299.8 5 70 0;
5300.91 6 55 0;
5305.32 5 69 0;
5305.34 6 54 0;
5312 6 53 0;
5313.11 5 68 0;
5317.55 6 52 0;
5317.58 5 67 0;
5323.14 6 51 0;
5323.16 5 66 0;
5327.6 6 50 0;
5327.62 5 65 0;
5332.1 6 49 0;
5333.19 5 64 0;
5336.45 6 48 0;
5337.56 5 63 0;
5342.02 6 47 0;
5343.1 5 62 0;
5346.4 6 45 0;
5349.73 5 60 0;
5350.83 6 44 0;
5354.1 5 59 0;
5355.21 6 43 0;
5356.3 5 58 0;
5359.57 6 42 0;
5361.82 5 57 0;
5365.13 5 56 0;
5366.29 6 41 0;
5369.58 5 55 0;
5369.59 6 40 0;
5373.95 5 54 0;
5373.96 6 39 0;
5378.29 6 38 0;
5378.3 5 53 0;
5382.65 6 37 0;
5383.77 5 52 0;
5387.05 6 36 0;
5388.13 5 51 0;
5391.46 6 35 0;
5392.57 5 50 0;
5395.97 6 34 0;
5397.08 5 49 0;
5398.26 6 33 0;
5401.53 5 48 0;
5402.63 6 32 0;
5404.81 5 47 0;
5405.96 6 31 0;
5409.23 5 46 0;
5410.31 6 30 0;
5413.58 5 45 0;
5414.67 6 29 0;
5419.03 5 44 0;
5419.05 6 28 0;
5421.31 6 27 0;
5423.51 5 43 0;
5425.7 6 26 0;
5427.94 5 42 0;
5429.04 6 25 0;
5432.35 5 41 0;
5433.46 6 24 0;
5436.7 5 40 0;
5437.84 6 23 0;
5438.93 5 39 0;
5442.21 6 22 0;
5443.35 5 38 0;
5446.64 6 21 0;
5449.94 5 37 0;
5451.08 6 20 0;
5453.35 5 36 0;
5453.36 6 19 0;
5457.78 5 35 0;
5459.92 6 18 0;
5462.14 5 34 0;
5464.38 6 17 0;
5466.56 5 33 0;
5468.77 6 16 0;
5471 5 32 0;
5474.33 6 15 0;
5475.41 5 31 0;
5479.8 6 14 0;
5480.93 5 30 0;
5484.22 5 29 0;
5484.24 6 13 0;
5488.69 6 12 0;
5489.84 5 28 0;
5493.13 6 11 0;
5494.28 5 27 0;
5497.55 6 10 0;
5498.64 5 26 0;
5501.95 6 8 0;
5503.04 5 25 0;
5504.12 6 7 0;
5508.48 5 24 0;
5508.5 6 6 0;
5512.87 6 5 0;
5512.89 5 23 0;
5516.14 6 4 0;
5517.27 5 22 0;
5520.6 6 3 0;
5520.62 5 21 0;
5525.04 5 20 0;
5525.05 6 2 0;
5530.64 5 19 0;
5530.67 6 1 0;
5535.1 5 18 0;
5536.25 5 17 0;
5540.67 5 16 0;
5545.12 6 0 0;
5545.13 5 14 0;
5549.5 5 13 0;
5553.91 5 12 0;
5558.33 5 11 0;
5562.74 5 10 0;
5567.12 5 9 0;
5571.48 5 8 0;
5576.96 5 7 0;
5581.42 5 6 0;
5585.85 5 5 0;
5590.25 5 4 0;
5594.67 5 3 0;
5600.23 5 2 0;
5608.01 5 1 0;
5623.48 5 0 0;
6306.69 1 1 0;
6326.42 1 2 0;
6331.92 1 3 0;
6338.54 1 4 0;
6346.21 1 5 0;
6351.76 1 6 0;
6359.4 1 7 0;
6363.87 1 8 0;
6368.32 1 9 0;
6370.52 1 10 0;
6373.84 1 11 0;
6374.98 1 12 0;
6378.26 1 13 0;
6379.36 1 14 0;
6382.66 1 15 0;
6382.68 1 16 0;
6384.95 1 17 0;
6388.22 1 18 0;
6389.35 1 19 0;
6392.65 1 20 0;
6393.75 1 21 0;
6397.08 1 22 0;
6400.4 1 24 0;
6402.58 1 25 0;
6405.88 1 26 0;
6409.18 1 27 0;
6411.39 1 28 0;
6415.8 1 29 0;
6416.94 1 30 0;
6421.38 1 31 0;
6424.7 1 32 0;
6429.1 1 33 0;
6432.44 1 34 0;
6434.64 1 35 0;
6439.02 1 36 0;
6443.4 1 37 0;
6447.81 1 38 0;
6452.25 1 39 0;
6456.7 1 40 0;
6461.17 1 41 0;
6465.61 1 42 0;
6467.85 1 43 0;
6471.12 1 44 0;
6475.55 1 45 0;
6476.71 1 46 0;
6481.13 1 47 0;
6482.23 1 48 0;
6485.51 1 49 0;
6488.87 1 50 0;
6489.96 1 51 0;
6493.31 1 52 0;
6494.45 1 53 0;
6498.85 1 54 0;
6499.99 1 55 0;
6503.35 1 56 0;
6504.46 1 57 0;
6507.79 1 59 0;
6508.94 1 60 0;
6510.04 1 61 0;
6513.29 1 62 0;
6513.31 1 63 0;
6515.58 1 64 0;
6518.85 1 65 0;
6519.96 1 66 0;
6523.3 1 67 0;
6524.46 1 68 0;
6526.69 1 69 0;
6528.91 1 70 0;
6531.09 1 72 0;
6532.23 1 73 0;
6533.35 1 74 0;
6536.62 1 75 0;
6537.72 1 76 0;
6541 1 77 0;
6542.12 1 78 0;
6545.44 1 79 0;
6546.52 1 80 0;
6547.63 1 81 0;
6550.93 1 83 0;
6552.08 1 84 0;
6555.32 1 85 0;
6556.41 1 86 0;
6559.68 1 87 0;
6562.99 1 88 0;
6564.07 1 89 0;
6567.32 1 90 0;
6569.53 1 91 0;
6572.8 1 92 0;
6578.38 1 93 0;
6581.68 1 94 0;
6586.13 1 96 0;
6591.71 1 97 0;
6593.97 1 98 0;
6598.38 1 99 0;
6605.05 1 100 0;
6609.41 1 101 0;
6614.94 1 102 0;
6620.52 1 103 0;
6625.01 1 104 0;
6631.72 1 105 0;
6636.13 1 106 0;
6641.82 1 107 0;
6648.62 1 108 0;
6652.02 1 109 0;
6658.68 1 110 0;
6663.09 1 111 0;
6668.55 1 112 0;
6672.98 1 113 0;
6678.51 1 114 0;
6682.91 1 115 0;
6690.69 1 116 0;
6697.29 1 117 0;
6702.86 1 118 0;
6709.54 1 119 0;
6719.55 1 120 0;
6725.06 1 121 0;
6730.48 1 122 0;
6738.13 1 123 0;
6743.64 1 125 0;
6750.23 1 126 0;
6768.86 1 127 0;
6912.14 2 12 0;
6912.17 2 7 0;
6912.18 2 0 0;
6913.31 2 6 0;
6913.33 2 0 0;
6974.26 1 126 0;
6980.91 1 125 0;
6985.32 1 124 0;
6988.66 1 123 0;
6993.04 1 122 0;
6996.36 1 121 0;
7000.8 1 120 0;
7005.28 1 118 0;
7005.3 2 1 0;
7007.57 1 117 0;
7010.89 1 116 0;
7015.31 1 115 0;
7016.45 1 114 0;
7019.77 1 113 0;
7019.79 2 2 0;
7022.04 1 112 0;
7025.37 2 3 0;
7026.51 1 111 0;
7029.82 2 4 0;
7029.84 1 110 0;
7030.92 1 109 0;
7034.23 2 5 0;
7034.24 1 108 0;
7037.58 1 107 0;
7038.66 2 6 0;
7039.78 1 106 0;
7040.91 2 7 0;
7043.12 1 105 0;
7045.31 1 103 0;
7048.61 2 8 0;
7048.62 1 102 0;
7051.89 1 101 0;
7052.99 2 9 0;
7054.13 1 100 0;
7057.46 2 10 0;
7057.48 1 99 0;
7060.75 1 98 0;
7061.88 2 11 0;
7064.14 1 97 0;
7066.36 2 12 0;
7068.58 2 13 0;
7068.59 1 96 0;
7071.91 2 14 0;
7073.05 1 95 0;
7076.39 2 15 0;
7080.84 2 16 0;
7081.94 1 94 0;
7083.04 2 17 0;
7085.21 1 93 0;
7086.31 2 18 0;
7090.69 2 19 0;
7090.71 1 92 0;
7091.85 2 20 0;
7095.2 1 91 0;
7095.21 2 21 0;
7099.59 2 22 0;
7099.61 1 90 0;
7102.92 2 23 0;
7104.01 1 89 0;
7104.02 2 24 0;
7108.54 2 25 0;
7108.56 1 88 0;
7110.87 1 87 0;
7110.9 2 26 0;
7114.25 1 85 0;
7114.27 2 27 0;
7116.47 1 84 0;
7116.49 2 28 0;
7119.82 1 83 0;
7119.83 2 29 0;
7123.15 1 82 0;
7124.28 2 30 0;
7124.3 1 81 0;
7125.4 2 31 0;
7128.73 1 80 0;
7128.75 2 32 0;
7129.88 1 79 0;
7133.12 2 33 0;
7133.13 1 78 0;
7135.29 2 35 0;
7135.31 1 77 0;
7138.56 1 76 0;
7138.58 2 36 0;
7139.71 1 75 0;
7143.04 2 37 0;
7143.06 1 74 0;
7146.29 2 38 0;
7146.3 1 73 0;
7148.54 1 72 0;
7148.55 2 39 0;
7151.83 1 71 0;
7151.84 2 40 0;
7152.95 1 70 0;
7156.22 2 41 0;
7156.23 1 68 0;
7159.5 1 67 0;
7159.51 2 42 0;
7161.69 2 43 0;
7163.87 1 66 0;
7164.98 1 65 0;
7164.99 2 44 0;
7169.33 1 64 0;
7169.35 2 45 0;
7170.43 1 63 0;
7171.57 2 46 0;
7174.88 1 62 0;
7174.89 2 47 0;
7176.02 1 61 0;
7178.24 2 48 0;
7179.34 1 60 0;
7180.47 1 59 0;
7180.48 2 49 0;
7183.78 1 58 0;
7183.79 2 51 0;
7184.92 1 57 0;
7188.23 2 52 0;
7188.25 1 56 0;
7189.34 1 55 0;
7190.48 2 53 0;
7193.78 1 54 0;
7193.79 2 54 0;
7194.92 1 53 0;
7197.15 2 55 0;
7198.25 1 52 0;
7198.26 2 56 0;
7199.39 1 51 0;
7202.69 1 50 0;
7202.71 2 57 0;
7203.84 1 49 0;
7203.85 2 58 0;
7208.23 1 47 0;
7208.25 2 59 0;
7209.34 1 46 0;
7211.58 2 60 0;
7212.68 1 45 0;
7212.69 2 61 0;
7216.05 1 44 0;
7217.21 2 62 0;
7217.23 1 43 0;
7219.45 2 63 0;
7221.66 1 42 0;
7222.75 2 64 0;
7222.76 1 41 0;
7226.1 1 40 0;
7226.12 2 65 0;
7228.43 1 39 0;
7229.58 2 67 0;
7231.77 1 37 0;
7232.86 2 68 0;
7232.87 1 36 0;
7236.2 1 35 0;
7237.28 2 69 0;
7237.29 1 34 0;
7240.61 2 70 0;
7241.69 1 33 0;
7242.81 2 71 0;
7242.84 1 32 0;
7246.1 2 72 0;
7246.12 1 31 0;
7249.37 1 30 0;
7250.47 2 73 0;
7250.49 1 29 0;
7253.83 1 28 0;
7253.85 2 74 0;
7254.95 1 26 0;
7256.1 2 75 0;
7257.31 1 25 0;
7260.65 1 24 0;
7260.67 2 76 0;
7263.99 1 23 0;
7265.09 1 22 0;
7265.11 2 77 0;
7267.33 1 21 0;
7269.49 2 78 0;
7270.64 1 20 0;
7271.79 2 79 0;
7274.02 1 19 0;
7275.21 1 18 0;
7276.34 2 80 0;
7277.46 1 17 0;
7280.79 2 81 0;
7280.81 1 16 0;
7285.22 1 15 0;
7285.23 2 82 0;
7288.54 1 14 0;
7289.63 2 83 0;
7290.73 1 13 0;
7294.05 2 84 0;
7294.07 1 12 0;
7296.33 2 85 0;
7298.57 1 11 0;
7300.81 2 86 0;
7300.82 1 10 0;
7304.07 2 87 0;
7304.08 1 9 0;
7308.47 1 8 0;
7308.48 2 88 0;
7312.86 1 7 0;
7314.02 2 89 0;
7316.21 1 6 0;
7318.39 1 5 0;
7318.41 2 90 0;
7322.8 1 4 0;
7322.82 2 91 0;
7327.21 1 3 0;
7327.23 2 92 0;
7328.33 1 2 0;
7331.67 2 93 0;
7336.15 1 1 0;
7336.17 2 94 0;
7340.55 2 96 0;
7346.12 2 97 0;
7349.49 2 98 0;
7351.7 1 0 0;
7353.9 2 99 0;
7359.45 2 100 0;
7363.8 2 101 0;
7368.27 2 102 0;
7372.71 2 103 0;
7377.13 2 104 0;
7380.52 2 105 0;
7384.97 2 106 0;
7391.51 2 107 0;
7395.91 2 108 0;
7401.45 2 109 0;
7405.89 2 110 0;
7411.3 2 111 0;
7416.82 2 112 0;
7423.43 2 113 0;
7429.01 2 114 0;
7436.71 2 115 0;
7443.29 2 116 0;
7451.01 2 117 0;
7457.59 2 118 0;
7466.46 2 119 0;
7475.3 2 120 0;
7586.73 2 119 0;
7590 2 118 0;
7594.42 2 117 0;
7595.57 2 116 0;
7596.75 1 1 0;
7598.91 2 115 0;
7601.13 2 114 0;
7604.42 2 113 0;
7604.43 1 2 0;
7605.52 2 112 0;
7605.54 1 3 0;
7607.77 2 111 0;
7608.85 2 110 0;
7608.86 1 4 0;
7610 2 109 0;
7612.21 2 108 0;
7613.3 1 5 0;
7613.31 2 107 0;
7616.58 2 105 0;
7616.59 1 6 0;
7617.73 2 104 0;
7618.81 1 7 0;
7618.81 2 103 0;
7622.06 2 102 0;
7622.07 1 8 0;
7623.13 2 101 0;
7625.29 1 9 0;
7625.3 2 100 0;
7626.43 2 99 0;
7627.53 1 10 0;
7628.69 2 97 0;
7630.93 1 12 0;
7630.94 2 96 0;
7632.05 2 95 0;
7633.19 1 13 0;
7633.21 2 94 0;
7636.48 1 14 0;
7636.49 2 93 0;
7637.63 2 92 0;
7637.65 1 15 0;
7639.85 2 91 0;
7640.99 1 16 0;
7641 2 90 0;
7642.15 1 17 0;
7643.26 2 89 0;
7645.44 1 18 0;
7646.52 2 88 0;
7647.63 1 19 0;
7647.65 2 87 0;
7650.93 1 20 0;
7650.94 2 85 0;
7650.94 2 84 0;
7652.03 1 21 0;
7654.12 2 83 0;
7655.21 1 22 0;
7656.32 1 23 0;
7656.34 2 82 0;
7659.61 2 81 0;
7659.63 1 24 0;
7660.71 2 80 0;
7662.98 1 26 0;
7664.08 2 79 0;
7664.09 1 27 0;
7665.21 2 78 0;
7668.5 1 28 0;
7668.51 2 77 0;
7669.6 1 29 0;
7671.81 2 75 0;
7672.94 1 30 0;
7672.95 2 74 0;
7675.16 1 31 0;
7675.19 2 73 0;
7678.48 1 32 0;
7678.5 2 72 0;
7679.64 1 34 0;
7679.65 2 71 0;
7682.96 2 70 0;
7682.98 1 35 0;
7684.1 2 68 0;
7686.31 1 36 0;
7687.45 2 67 0;
7687.46 1 37 0;
7688.56 2 66 0;
7691.89 1 38 0;
7691.91 2 65 0;
7693.04 2 64 0;
7693.06 1 39 0;
7696.41 2 63 0;
7697.52 1 40 0;
7697.53 2 62 0;
7698.66 1 41 0;
7699.8 2 61 0;
7703.1 2 60 0;
7703.12 1 42 0;
7704.21 2 59 0;
7707.54 1 44 0;
7707.56 2 57 0;
7707.57 2 56 0;
7708.71 1 45 0;
7710.94 2 55 0;
7712.04 1 46 0;
7712.05 2 54 0;
7715.34 2 53 0;
7716.48 1 47 0;
7716.49 2 52 0;
7717.62 1 48 0;
7717.64 2 51 0;
7720.94 2 50 0;
7722.08 1 49 0;
7722.1 2 49 0;
7725.42 1 50 0;
7725.43 2 48 0;
7726.52 2 47 0;
7726.53 1 51 0;
7727.67 2 46 0;
7728.8 1 52 0;
7731.02 2 44 0;
7732.12 1 53 0;
7732.14 2 43 0;
7735.46 1 54 0;
7735.47 2 42 0;
7736.63 1 55 0;
7736.65 2 41 0;
7740.02 2 40 0;
7740.03 1 56 0;
7741.13 2 39 0;
7742.27 1 58 0;
7742.29 2 38 0;
7745.62 1 59 0;
7745.63 2 37 0;
7746.77 2 36 0;
7747.86 1 60 0;
7750.1 2 35 0;
7751.21 1 61 0;
7751.22 2 34 0;
7752.36 1 62 0;
7753.49 2 32 0;
7755.7 1 63 0;
7756.84 2 31 0;
7756.85 1 64 0;
7757.94 2 30 0;
7761.26 1 65 0;
7761.28 2 29 0;
7762.41 1 66 0;
7764.61 2 28 0;
7765.75 1 67 0;
7765.77 2 27 0;
7768 1 68 0;
7768.02 2 26 0;
7771.33 1 69 0;
7771.35 2 25 0;
7772.48 1 70 0;
7774.65 2 24 0;
7775.75 1 71 0;
7776.84 2 22 0;
7776.85 1 72 0;
7780.13 2 21 0;
7780.15 1 74 0;
7783.51 1 75 0;
7783.53 2 20 0;
7784.62 1 76 0;
7787.9 2 19 0;
7787.91 1 77 0;
7789 2 18 0;
7790.09 1 78 0;
7793.42 1 79 0;
7793.43 2 17 0;
7794.51 1 80 0;
7795.65 2 16 0;
7797.8 1 81 0;
7798.9 2 15 0;
7800.01 1 82 0;
7803.3 1 84 0;
7803.32 2 14 0;
7804.45 1 85 0;
7806.65 2 13 0;
7807.79 1 86 0;
7811.1 2 12 0;
7812.21 1 87 0;
7813.35 1 88 0;
7813.36 2 11 0;
7817.7 1 89 0;
7817.72 2 10 0;
7822.14 1 90 0;
7822.15 2 9 0;
7825.42 1 91 0;
7826.52 2 8 0;
7829.78 1 92 0;
7830.94 2 7 0;
7834.23 1 93 0;
7835.31 2 6 0;
7836.41 1 94 0;
7838.63 2 5 0;
7840.87 1 95 0;
7843.02 2 4 0;
7844.14 1 96 0;
7846.42 2 3 0;
7848.6 1 97 0;
7849.68 2 2 0;
7853.04 1 98 0;
7855.22 1 100 0;
7858.56 1 101 0;
7858.58 2 1 0;
7862.99 1 102 0;
7867.32 1 103 0;
7871.77 1 104 0;
7873.96 1 105 0;
7877.29 2 0 0;
7877.29 1 106 0;
7881.69 1 107 0;
7886.07 1 108 0;
7890.44 1 109 0;
7894.83 1 110 0;
7900.33 1 111 0;
7904.71 1 112 0;
7909.13 1 113 0;
7914.6 1 114 0;
7921.2 1 115 0;
7926.66 1 116 0;
7934.33 2 52 0;
7934.34 2 54 0;
7935.45 1 117 0;
7935.46 2 55 0;
7935.48 2 57 0;
7936.58 2 55 0;
7939.87 2 54 0;
7944.25 1 118 0;
7944.26 2 0 0;
7944.27 2 51 0;
7945.35 2 54 0;
7949.81 2 52 0;
7949.83 2 54 0;
7958.56 1 119 0;
7977.25 2 44 0;
7977.27 2 53 0;
7994.84 2 50 0;
7995.99 2 53 0;
8013.53 2 49 0;
8015.71 2 52 0;
8022.32 2 41 0;
8022.33 2 52 0;
8039.88 2 48 0;
8039.89 2 51 0;
8053.03 2 52 0;
8062.97 2 53 0;
8064.08 2 49 0;
8066.31 2 50 0;
8066.32 2 37 0;
8067.43 2 39 0;
8067.44 2 40 0;
8067.45 2 38 0;
8067.46 2 41 0;
8068.61 2 42 0;
8068.62 2 43 0;
8070.81 2 49 0;
8071.94 2 52 0;
8073.08 2 50 0;
8075.21 2 52 0;
8081.88 1 118 0;
8083.02 2 51 0;
8089.6 2 50 0;
8091.83 2 49 0;
8093.99 1 117 0;
8096.23 2 45 0;
8096.25 2 48 0;
8099.51 2 47 0;
8099.52 2 46 0;
8102.76 2 42 0;
8102.77 2 46 0;
8103.87 2 47 0;
8103.88 1 116 0;
8105.02 2 0 0;
8105.03 2 46 0;
8106.13 2 48 0;
8106.14 2 0 0;
8108.3 2 47 0;
8108.31 2 44 0;
8109.38 2 0 0;
8112.68 1 115 0;
8119.3 1 114 0;
8126.95 1 113 0;
8131.4 1 112 0;
8136.9 1 111 0;
8144.6 1 110 0;
8150.09 1 109 0;
8154.5 1 108 0;
8158.93 1 107 0;
8163.38 1 106 0;
8165.63 1 104 0;
8168.9 1 103 0;
8173.32 1 102 0;
8177.76 1 101 0;
8177.77 2 1 0;
8181.1 1 100 0;
8182.22 1 99 0;
8186.65 2 2 0;
8186.67 1 98 0;
8187.8 2 3 0;
8188.93 1 97 0;
8192.33 2 4 0;
8192.34 1 96 0;
8193.43 2 5 0;
8196.75 1 95 0;
8196.76 2 6 0;
8199.01 1 94 0;
8199.03 2 7 0;
8202.33 1 93 0;
8202.34 2 8 0;
8205.65 1 92 0;
8206.75 2 9 0;
8207.9 1 91 0;
8207.91 2 10 0;
8211.25 1 90 0;
8211.27 2 11 0;
8212.4 1 89 0;
8214.55 2 12 0;
8215.7 1 88 0;
8216.8 2 13 0;
8216.81 1 86 0;
8220.15 2 14 0;
8221.26 1 85 0;
8221.27 2 15 0;
8222.37 1 84 0;
8224.57 1 83 0;
8225.65 2 16 0;
8225.67 1 82 0;
8226.8 2 18 0;
8230.07 1 81 0;
8230.08 2 19 0;
8231.22 2 20 0;
8231.23 1 80 0;
8234.54 1 79 0;
8234.57 2 21 0;
8235.7 2 22 0;
8235.7 1 77 0;
8238.97 2 23 0;
8238.98 1 76 0;
8240.08 2 24 0;
8240.08 1 75 0;
8241.18 2 25 0;
8244.48 1 74 0;
8244.5 2 26 0;
8245.65 1 73 0;
8247.84 2 27 0;
8248.93 1 71 0;
8248.94 2 28 0;
8250.02 1 70 0;
8252.27 2 29 0;
8253.35 1 69 0;
8253.36 2 31 0;
8254.46 1 68 0;
8255.61 2 32 0;
8258.84 1 67 0;
8258.85 2 33 0;
8259.95 1 66 0;
8259.97 2 34 0;
8263.24 2 35 0;
8263.26 1 65 0;
8266.54 2 36 0;
8266.56 1 64 0;
8267.64 2 37 0;
8267.66 1 63 0;
8271 1 62 0;
8271.01 2 38 0;
8272.13 2 39 0;
8272.14 1 60 0;
8275.46 1 59 0;
8275.47 2 40 0;
8276.55 1 58 0;
8276.56 2 42 0;
8277.66 1 57 0;
8279.82 2 43 0;
8280.97 1 56 0;
8280.99 2 44 0;
8282.11 1 55 0;
8283.2 2 45 0;
8286.46 1 54 0;
8286.48 2 46 0;
8287.62 1 52 0;
8287.64 2 47 0;
8289.87 2 48 0;
8290.95 1 51 0;
8290.96 1 50 0;
8290.96 2 49 0;
8294.28 1 49 0;
8294.29 2 50 0;
8295.4 1 48 0;
8295.41 2 51 0;
8296.51 1 47 0;
8299.78 2 52 0;
8299.81 1 46 0;
8300.94 2 53 0;
8300.95 1 45 0;
8302.05 1 44 0;
8304.32 2 54 0;
8305.44 1 43 0;
8305.45 2 56 0;
8306.56 1 42 0;
8306.57 2 57 0;
8308.73 1 41 0;
8309.82 2 58 0;
8309.83 1 40 0;
8310.93 2 59 0;
8313.15 1 39 0;
8314.26 2 60 0;
8314.28 1 38 0;
8315.41 1 37 0;
8315.43 2 61 0;
8316.55 1 36 0;
8318.78 2 62 0;
8319.88 1 34 0;
8319.89 2 63 0;
8321.01 1 33 0;
8323.21 2 64 0;
8324.34 1 32 0;
8324.35 2 65 0;
8324.36 1 31 0;
8327.64 1 30 0;
8327.65 2 67 0;
8328.74 1 28 0;
8328.76 2 68 0;
8329.88 1 27 0;
8329.89 2 69 0;
8332.06 1 26 0;
8333.22 2 70 0;
8333.23 1 25 0;
8334.33 1 24 0;
8334.34 2 71 0;
8337.66 1 23 0;
8337.68 2 72 0;
8338.78 1 22 0;
8338.79 2 73 0;
8339.93 1 21 0;
8342.13 2 74 0;
8343.24 1 20 0;
8343.25 2 75 0;
8343.26 1 19 0;
8346.61 2 76 0;
8346.63 1 18 0;
8347.72 1 17 0;
8347.73 2 77 0;
8348.87 1 16 0;
8350 2 78 0;
8352.22 1 15 0;
8353.36 2 80 0;
8353.37 1 14 0;
8354.5 2 81 0;
8356.7 1 13 0;
8356.72 2 82 0;
8357.8 1 12 0;
8357.82 2 83 0;
8361.13 1 11 0;
8361.15 2 84 0;
8362.25 2 85 0;
8363.33 1 9 0;
8364.47 2 86 0;
8366.71 1 8 0;
8366.72 2 87 0;
8367.8 1 7 0;
8367.82 2 88 0;
8371.09 2 89 0;
8372.22 1 6 0;
8372.23 2 90 0;
8373.33 1 5 0;
8375.56 2 91 0;
8376.65 1 4 0;
8376.67 2 93 0;
8379.95 2 94 0;
8379.97 1 3 0;
8381.09 2 95 0;
8381.11 1 2 0;
8382.19 2 96 0;
8385.49 2 97 0;
8386.6 2 98 0;
8389.88 1 1 0;
8389.9 2 100 0;
8392.13 2 101 0;
8394.35 2 102 0;
8395.44 2 103 0;
8399.84 2 104 0;
8400.98 2 105 0;
8403.21 2 106 0;
8405.45 1 0 0;
8405.46 2 107 0;
8408.81 2 108 0;
8409.96 2 109 0;
8413.24 2 110 0;
8415.43 2 111 0;
8418.74 2 113 0;
8421.99 2 114 0;
8423.11 2 115 0;
8427.47 2 116 0;
8430.76 2 117 0;
8432.97 2 118 0;
8437.39 2 119 0;
8438.48 2 120 0;
8442.89 2 121 0;
8447.35 2 122 0;
8450.68 2 124 0;
8455.12 2 125 0;
8459.53 2 126 0;
8473.97 2 127 0;
8814.91 0 1 0;
8824.84 0 2 0;
8828.22 0 3 0;
8832.63 0 4 0;
8834.91 0 5 0;
8839.34 0 6 0;
8842.71 0 7 0;
8844.93 0 8 0;
8848.29 0 9 0;
8851.58 0 10 0;
8853.78 0 11 0;
8857.11 0 12 0;
8859.42 0 13 0;
8862.71 0 14 0;
8867.06 0 15 0;
8868.13 0 16 0;
8871.41 0 17 0;
8874.75 0 18 0;
8875.83 0 19 0;
8880.2 0 20 0;
8881.31 0 21 0;
8884.61 0 22 0;
8888.99 0 23 0;
8891.24 0 24 0;
8897.82 0 25 0;
8903.37 0 26 0;
8907.82 0 27 0;
8914.46 0 28 0;
8922.2 0 29 0;
8926.62 0 30 0;
8932.13 0 31 0;
8935.53 0 32 0;
8941.13 0 33 0;
8944.46 0 34 0;
8946.65 0 35 0;
8949.94 0 36 0;
8954.37 0 37 0;
8958.74 0 38 0;
8960.92 0 39 0;
8964.23 0 40 0;
8967.61 0 42 0;
8969.79 0 43 0;
8973.09 0 44 0;
8977.56 0 45 0;
8979.77 0 46 0;
8979.78 2 125 0;
8979.79 2 124 0;
8981.98 2 123 0;
8983.09 2 121 0;
8983.12 0 48 0;
8983.13 2 119 0;
8983.14 2 118 0;
8983.16 2 116 0;
8984.29 2 115 0;
8986.47 2 114 0;
8986.48 0 49 0;
8986.48 2 113 0;
8987.56 2 112 0;
8987.58 2 110 0;
8987.59 2 109 0;
8987.6 2 108 0;
8988.74 0 50 0;
8988.74 2 106 0;
8988.75 2 105 0;
8990.91 2 103 0;
8990.93 2 102 0;
8992.07 2 101 0;
8992.09 0 51 0;
8992.1 2 99 0;
8992.12 2 98 0;
8993.24 2 97 0;
8993.25 2 95 0;
8993.25 0 52 0;
8994.32 2 94 0;
8994.33 2 93 0;
8996.53 2 92 0;
8996.54 2 91 0;
8997.62 0 53 0;
8997.63 2 89 0;
8997.63 2 88 0;
8997.64 2 86 0;
8998.75 2 85 0;
8998.76 0 55 0;
9000.96 2 84 0;
9000.97 2 83 0;
9002.13 2 81 0;
9002.17 0 56 0;
9002.19 2 79 0;
9003.32 2 78 0;
9003.33 2 77 0;
9005.5 0 57 0;
9005.51 2 75 0;
9006.61 2 74 0;
9006.62 2 73 0;
9006.64 2 72 0;
9006.65 2 71 0;
9007.79 0 58 0;
9007.82 2 69 0;
9007.83 2 68 0;
9009.01 2 66 0;
9011.19 2 65 0;
9011.21 0 59 0;
9011.22 2 64 0;
9012.37 2 63 0;
9012.38 2 61 0;
9012.39 2 60 0;
9013.53 0 60 0;
9013.54 2 59 0;
9014.69 2 57 0;
9014.71 2 56 0;
9016.92 2 55 0;
9016.94 0 61 0;
9018.04 2 53 0;
9018.05 2 51 0;
9018.06 0 62 0;
9019.19 2 50 0;
9019.21 2 49 0;
9021.37 2 47 0;
9022.45 2 46 0;
9022.47 0 63 0;
9022.47 2 45 0;
9023.55 2 43 0;
9025.81 2 42 0;
9025.82 0 64 0;
9026.93 2 41 0;
9026.96 2 39 0;
9028.12 2 37 0;
9028.13 0 66 0;
9029.22 2 36 0;
9031.44 2 35 0;
9031.45 0 67 0;
9032.62 2 34 0;
9032.65 2 32 0;
9033.81 0 68 0;
9033.82 2 31 0;
9034.95 2 30 0;
9037.23 2 29 0;
9037.25 0 69 0;
9038.33 2 28 0;
9038.35 2 27 0;
9038.36 0 70 0;
9039.43 2 26 0;
9041.62 0 71 0;
9041.62 2 24 0;
9042.71 2 23 0;
9042.72 0 72 0;
9043.86 2 22 0;
9047.2 2 20 0;
9047.22 0 73 0;
9047.22 2 19 0;
9049.46 0 74 0;
9049.47 2 18 0;
9051.66 2 17 0;
9052.75 0 75 0;
9052.77 2 16 0;
9056.04 0 76 0;
9056.06 2 15 0;
9057.18 2 14 0;
9058.31 0 77 0;
9061.6 2 13 0;
9061.62 0 79 0;
9064.91 0 80 0;
9066.01 2 12 0;
9067.12 0 81 0;
9070.39 0 82 0;
9074.78 0 83 0;
9075.86 0 84 0;
9079.14 0 85 0;
9081.37 0 86 0;
9084.64 0 88 0;
9088 0 89 0;
9089.09 0 90 0;
9093.55 0 91 0;
9096.92 0 92 0;
9098.03 0 93 0;
9099.15 0 95 0;
9102.42 0 96 0;
9103.55 0 97 0;
9106.85 0 98 0;
9107.94 0 99 0;
9109.03 0 100 0;
9112.31 0 101 0;
9113.44 0 102 0;
9115.67 0 103 0;
9116.76 0 104 0;
9117.85 0 105 0;
9120.05 0 106 0;
9121.21 0 108 0;
9124.47 0 109 0;
9125.55 0 110 0;
9126.66 0 111 0;
9129.91 0 113 0;
9129.92 0 114 0;
9131.01 2 11 0;
9131.02 0 115 0;
9133.18 0 116 0;
9134.32 0 117 0;
9135.4 0 118 0;
9138.72 0 120 0;
9139.86 0 121 0;
9139.88 0 122 0;
9143.14 0 123 0;
9144.24 0 125 0;
9144.26 0 126 0;
9148.7 0 127 0;
9153.09 2 10 0;
9163.16 2 9 0;
9170.95 2 8 0;
9176.35 2 7 0;
9181.94 2 6 0;
9186.34 2 5 0;
9189.67 2 4 0;
9190.76 2 3 0;
9194.01 2 2 0;
9198.47 2 1 0;
9206.19 2 0 0;
9222.63 2 1 0;
9484.86 0 126 0;
9488.19 0 125 0;
9489.31 0 123 0;
9492.6 0 122 0;
9493.72 0 121 0;
9497.01 0 120 0;
9498.12 0 119 0;
9500.35 0 118 0;
9501.43 0 117 0;
9504.68 0 116 0;
9505.79 0 114 0;
9506.95 0 113 0;
9508.05 0 112 0;
9511.29 0 111 0;
9511.3 0 110 0;
9512.4 0 109 0;
9515.75 0 108 0;
9515.76 0 107 0;
9519.09 0 106 0;
9520.2 0 105 0;
9521.3 0 104 0;
9523.5 0 102 0;
9524.64 0 101 0;
9524.66 0 100 0;
9526.95 0 99 0;
9529.15 0 98 0;
9530.24 0 97 0;
9531.33 0 96 0;
9533.52 0 95 0;
9534.62 0 93 0;
9535.72 0 92 0;
9539.04 0 91 0;
9540.18 0 90 0;
9542.42 0 89 0;
9543.5 0 87 0;
9546.76 0 86 0;
9547.9 0 85 0;
9549.04 0 84 0;
9552.35 0 83 0;
9553.45 0 82 0;
9553.46 0 81 0;
9556.77 0 79 0;
9557.91 0 78 0;
9559.05 0 77 0;
9562.27 0 76 0;
9563.41 0 74 0;
9565.64 0 73 0;
9566.72 0 72 0;
9567.86 0 71 0;
9569 0 70 0;
9572.29 0 69 0;
9572.31 0 68 0;
9575.58 0 67 0;
9576.69 0 66 0;
9577.77 0 65 0;
9581.03 0 64 0;
9582.12 0 63 0;
9585.4 0 61 0;
9586.51 0 60 0;
9589.8 0 59 0;
9593.14 0 58 0;
9595.33 0 57 0;
9616.14 0 56 0;
9624.88 0 55 0;
9630.45 0 54 0;
9633.79 1 1 0;
9634.87 0 53 0;
9638.18 0 52 0;
9640.47 1 2 0;
9641.61 0 51 0;
9641.62 1 3 0;
9644.96 2 2 0;
9644.97 1 4 0;
9646.07 0 50 0;
9646.08 1 5 0;
9649.34 2 3 0;
9649.34 1 6 0;
9652.6 0 49 0;
9653.71 1 7 0;
9654.81 1 8 0;
9657 2 4 0;
9658.12 0 48 0;
9658.14 1 10 0;
9662.51 1 11 0;
9662.53 2 5 0;
9663.64 1 12 0;
9668.03 1 13 0;
9671.34 1 14 0;
9671.35 2 6 0;
9673.54 1 15 0;
9676.83 1 16 0;
9677.96 2 7 0;
9680.14 1 17 0;
9682.34 1 18 0;
9685.63 1 19 0;
9686.71 2 8 0;
9690 1 20 0;
9693.32 1 21 0;
9694.41 2 9 0;
9694.43 1 22 0;
9698.81 1 23 0;
9701.04 2 10 0;
9701.05 1 24 0;
9704.32 1 25 0;
9708.71 1 26 0;
9709.79 2 11 0;
9712 1 27 0;
9714.2 1 28 0;
9718.61 1 29 0;
9720.8 2 12 0;
9721.89 1 30 0;
9726.23 1 31 0;
9730.59 2 13 0;
9730.61 1 32 0;
9734.99 1 33 0;
9739.39 1 34 0;
9740.5 2 15 0;
9743.81 1 35 0;
9746.03 1 36 0;
9749.31 1 37 0;
9753.73 2 16 0;
9754.84 1 38 0;
9758.13 1 39 0;
9762.51 1 40 0;
9762.53 2 17 0;
9766.93 1 42 0;
9770.24 1 43 0;
9772.44 2 18 0;
9772.45 1 44 0;
9776.79 1 45 0;
9780.08 1 46 0;
9780.1 2 19 0;
9782.35 1 47 0;
9785.65 1 48 0;
9786.75 2 20 0;
9788.96 1 49 0;
9791.13 1 50 0;
9794.41 1 51 0;
9794.43 2 21 0;
9797.71 1 52 0;
9798.83 1 53 0;
9802.12 2 22 0;
9803.21 1 54 0;
9804.34 1 55 0;
9807.64 1 56 0;
9807.66 2 23 0;
9809.89 1 57 0;
9809.9 2 21 0;
9812.1 2 23 0;
9813.2 1 59 0;
9816.5 1 60 0;
9817.62 2 24 0;
9817.63 1 61 0;
9822 1 62 0;
9823.13 1 63 0;
9825.3 2 25 0;
9826.41 1 64 0;
9829.73 1 65 0;
9831.93 2 26 0;
9834.15 1 66 0;
9836.33 1 67 0;
9839.56 1 68 0;
9839.57 2 27 0;
9841.83 1 69 0;
9845.12 1 70 0;
9848.43 1 71 0;
9849.52 2 19 0;
9849.53 2 28 0;
9850.63 1 72 0;
9853.89 1 73 0;
9858.24 1 74 0;
9858.25 2 29 0;
9861.57 1 75 0;
9863.78 1 77 0;
9867.11 2 30 0;
9867.13 1 78 0;
9871.59 1 79 0;
9873.81 1 80 0;
9876 2 31 0;
9877.11 1 81 0;
9881.55 1 82 0;
9884.91 1 83 0;
9886.06 2 32 0;
9887.16 1 84 0;
9890.47 1 85 0;
9894.93 1 86 0;
9894.95 2 33 0;
9896.05 2 30 0;
9896.06 2 33 0;
9896.06 1 87 0;
9900.5 1 88 0;
9900.5 2 31 0;
9900.51 2 34 0;
9903.81 1 89 0;
9907.13 1 90 0;
9910.48 2 35 0;
9910.5 1 91 0;
9913.81 1 92 0;
9918.19 1 93 0;
9919.3 2 36 0;
9920.44 1 94 0;
9923.75 1 95 0;
9926 1 96 0;
9928.22 2 34 0;
9928.24 2 37 0;
9929.35 1 97 0;
9933.79 1 98 0;
9934.94 1 99 0;
9938.2 2 38 0;
9938.2 1 100 0;
9941.54 1 101 0;
9943.76 2 39 0;
9943.77 1 102 0;
9947.04 2 36 0;
9947.05 2 39 0;
9948.16 1 103 0;
9949.26 0 47 0;
9951.46 1 104 0;
9953.72 1 106 0;
9953.74 2 40 0;
9955.95 0 46 0;
9957.04 1 107 0;
9959.38 0 45 0;
9961.54 1 108 0;
9962.63 0 44 0;
9965.93 1 109 0;
9967.04 0 43 0;
9967.05 2 41 0;
9968.13 1 110 0;
9970.39 0 42 0;
9971.52 1 111 0;
9972.68 0 41 0;
9974.88 2 27 0;
9976.02 2 42 0;
9976.03 0 40 0;
9976.04 1 112 0;
9980.42 0 39 0;
9980.42 1 113 0;
9984.79 0 38 0;
9984.79 1 114 0;
9985.88 0 37 0;
9989.13 2 43 0;
9990.24 0 36 0;
9990.25 1 115 0;
9990.26 2 39 0;
9990.27 2 43 0;
9993.59 0 35 0;
9994.7 1 116 0;
9994.72 0 34 0;
9999.13 0 33 0;
9999.16 1 117 0;
10000.3 0 32 0;
10001.5 2 44 0;
10004.8 0 31 0;
10004.8 1 118 0;
10005.9 0 30 0;
10009.2 0 29 0;
10009.2 1 119 0;
10013.6 0 28 0;
10016.9 0 26 0;
10019.1 0 25 0;
10021.4 1 120 0;
10022.5 0 24 0;
10024.7 2 45 0;
10026.9 0 23 0;
10027.9 0 22 0;
10032.4 0 21 0;
10033.5 1 121 0;
10035.7 0 20 0;
10037.9 0 19 0;
10041.2 2 41 0;
10041.2 2 45 0;
10041.2 0 18 0;
10045.7 0 17 0;
10045.7 2 40 0;
10045.7 2 45 0;
10051.1 0 16 0;
10056.7 0 15 0;
10061.1 2 28 0;
10063.3 2 45 0;
10068.8 0 14 0;
10090 0 13 0;
10098.9 2 40 0;
10098.9 2 44 0;
10107.8 2 28 0;
10107.8 2 44 0;
10112.3 0 12 0;
10112.3 2 40 0;
10113.4 2 45 0;
10121.1 2 40 0;
10121.1 2 44 0;
10123.4 0 11 0;
10127.8 2 39 0;
10127.8 2 44 0;
10131.1 0 10 0;
10132.2 1 120 0;
10135.5 0 9 0;
10140 0 8 0;
10141.1 2 39 0;
10141.1 2 44 0;
10142.3 0 7 0;
10144.5 1 119 0;
10146.7 2 28 0;
10146.8 0 6 0;
10146.8 2 44 0;
10150.1 0 5 0;
10151.2 1 118 0;
10154.5 0 4 0;
10155.6 1 117 0;
10158.9 0 3 0;
10161.1 0 2 0;
10161.1 1 116 0;
10164.4 2 43 0;
10164.4 2 38 0;
10164.4 2 42 0;
10165.5 1 115 0;
10167.8 0 1 0;
10168.9 2 27 0;
10168.9 2 42 0;
10170 1 114 0;
10173.3 1 113 0;
10177.7 1 112 0;
10177.7 2 41 0;
10180 1 111 0;
10184.3 1 110 0;
10186.5 0 0 0;
10187.6 2 40 0;
10187.7 1 109 0;
10192.1 1 108 0;
10196.5 1 106 0;
10197.6 2 39 0;
10200.9 1 105 0;
10204.2 1 104 0;
10207.5 1 103 0;
10207.6 2 38 0;
10210.9 1 102 0;
10214.2 1 101 0;
10215.3 1 100 0;
10215.4 2 37 0;
10219.8 1 99 0;
10222 1 98 0;
10224.1 2 36 0;
10225.3 1 97 0;
10228.6 1 96 0;
10228.6 2 32 0;
10228.6 2 35 0;
10230.8 1 95 0;
10234.1 1 94 0;
10234.1 2 22 0;
10234.1 2 35 0;
10237.5 1 93 0;
10239.7 1 92 0;
10243 1 91 0;
10244.1 2 34 0;
10244.1 1 90 0;
10248.5 1 89 0;
10249.7 1 88 0;
10249.7 2 32 0;
10253 2 29 0;
10253.1 1 87 0;
10253.1 2 32 0;
10256.4 1 86 0;
10257.5 1 85 0;
10258.7 2 31 0;
10259.8 1 84 0;
10263.1 1 82 0;
10263.1 2 28 0;
10263.1 2 31 0;
10264.2 1 81 0;
10267.5 1 80 0;
10268.6 2 27 0;
10268.6 2 30 0;
10270.9 1 79 0;
10272 1 78 0;
10275.3 2 19 0;
10275.3 2 29 0;
10276.5 1 77 0;
10277.6 1 76 0;
10278.7 1 75 0;
10281 2 28 0;
10282.1 1 74 0;
10285.3 1 72 0;
10286.4 2 27 0;
10286.5 1 71 0;
10289.7 1 70 0;
10290.9 2 24 0;
10290.9 1 69 0;
10292 2 26 0;
10293.1 1 68 0;
10295.4 1 67 0;
10295.4 2 23 0;
10296.5 2 25 0;
10296.5 1 66 0;
10300.8 1 65 0;
10300.8 2 24 0;
10300.9 1 64 0;
10304.1 1 63 0;
10305.2 1 62 0;
10305.2 2 23 0;
10306.3 1 60 0;
10308.5 1 59 0;
10309.6 1 58 0;
10309.6 2 22 0;
10312.9 1 57 0;
10314.1 1 56 0;
10314.1 2 21 0;
10315.2 1 55 0;
10316.4 1 54 0;
10318.6 1 53 0;
10319.7 2 20 0;
10319.7 1 52 0;
10322.9 1 50 0;
10323 2 19 0;
10324.1 1 49 0;
10325.2 1 48 0;
10327.4 2 18 0;
10327.4 1 47 0;
10328.5 1 45 0;
10331.8 2 17 0;
10331.8 1 44 0;
10333 1 43 0;
10334.1 1 42 0;
10334.1 2 16 0;
10335.3 1 41 0;
10338.6 1 40 0;
10339.7 2 15 0;
10339.7 1 38 0;
10343.1 1 37 0;
10343.1 1 36 0;
10344.2 2 14 0;
10346.4 1 35 0;
10347.5 1 34 0;
10348.6 1 33 0;
10348.6 2 13 0;
10350.8 1 31 0;
10352 2 11 0;
10352 1 30 0;
10353.1 1 29 0;
10356.3 1 28 0;
10357.4 1 27 0;
10358.6 1 26 0;
10358.6 2 10 0;
10360.8 1 25 0;
10361.9 1 24 0;
10363 2 9 0;
10365.2 1 23 0;
10366.3 1 22 0;
10367.4 1 21 0;
10367.4 2 8 0;
10370.8 1 20 0;
10371.9 1 18 0;
10371.9 2 7 0;
10375.1 1 17 0;
10376.2 1 16 0;
10377.3 2 6 0;
10379.5 1 15 0;
10380.6 1 14 0;
10381.7 1 13 0;
10381.7 2 5 0;
10385 1 12 0;
10386.1 1 11 0;
10389.4 2 4 0;
10389.4 1 10 0;
10390.5 1 9 0;
10393.7 1 8 0;
10393.8 2 3 0;
10397.1 1 7 0;
10398.1 1 6 0;
10401.4 1 5 0;
10401.4 2 2 0;
10402.5 1 4 0;
10405.9 1 3 0;
10405.9 2 1 0;
10407 1 2 0;
10412.5 1 1 0;
10422.5 2 0 0;
10424.8 1 0 0;
0.000999999 1 0 0;
